<?xml version="1.0" encoding="UTF-8"?>
<coverage generated="1780211355376" clover="3.2.0">
  <project timestamp="1780211355376" name="All files">
    <metrics statements="96" coveredstatements="89" conditionals="66" coveredconditionals="56" methods="70" coveredmethods="63" elements="232" coveredelements="208" complexity="0" loc="96" ncloc="96" packages="5" files="11" classes="11"/>
    <package name="Project">
      <metrics statements="13" coveredstatements="8" conditionals="1" coveredconditionals="1" methods="11" coveredmethods="6"/>
      <file name="index.js" path="/Users/msimmer/code/tc/b-ber/packages/b-ber-templates/src/Project/index.js">
        <metrics statements="11" coveredstatements="6" conditionals="1" coveredconditionals="1" methods="11" coveredmethods="6"/>
        <line num="10" count="1" type="stmt"/>
        <line num="22" count="3" type="stmt"/>
        <line num="26" count="3" type="stmt"/>
        <line num="30" count="1" type="stmt"/>
        <line num="38" count="1" type="stmt"/>
        <line num="46" count="1" type="stmt"/>
        <line num="57" count="0" type="stmt"/>
        <line num="75" count="0" type="stmt"/>
        <line num="119" count="0" type="stmt"/>
        <line num="123" count="0" type="stmt"/>
        <line num="134" count="0" type="stmt"/>
      </file>
      <file name="metadata.yml.js" path="/Users/msimmer/code/tc/b-ber/packages/b-ber-templates/src/Project/metadata.yml.js">
        <metrics statements="1" coveredstatements="1" conditionals="0" coveredconditionals="0" methods="0" coveredmethods="0"/>
        <line num="1" count="1" type="stmt"/>
      </file>
      <file name="toc.yml.js" path="/Users/msimmer/code/tc/b-ber/packages/b-ber-templates/src/Project/toc.yml.js">
        <metrics statements="1" coveredstatements="1" conditionals="0" coveredconditionals="0" methods="0" coveredmethods="0"/>
        <line num="1" count="1" type="stmt"/>
      </file>
    </package>
    <package name="Toc">
      <metrics statements="6" coveredstatements="6" conditionals="6" coveredconditionals="6" methods="4" coveredmethods="4"/>
      <file name="index.js" path="/Users/msimmer/code/tc/b-ber/packages/b-ber-templates/src/Toc/index.js">
        <metrics statements="6" coveredstatements="6" conditionals="6" coveredconditionals="6" methods="4" coveredmethods="4"/>
        <line num="7" count="1" type="stmt"/>
        <line num="15" count="4" type="stmt"/>
        <line num="16" count="4" type="stmt"/>
        <line num="20" count="2" type="stmt"/>
        <line num="23" count="3" type="cond" truecount="2" falsecount="0"/>
        <line num="25" count="2" type="stmt"/>
      </file>
    </package>
    <package name="Xhtml">
      <metrics statements="10" coveredstatements="9" conditionals="8" coveredconditionals="8" methods="8" coveredmethods="7"/>
      <file name="index.js" path="/Users/msimmer/code/tc/b-ber/packages/b-ber-templates/src/Xhtml/index.js">
        <metrics statements="10" coveredstatements="9" conditionals="8" coveredconditionals="8" methods="8" coveredmethods="7"/>
        <line num="9" count="2" type="cond" truecount="2" falsecount="0"/>
        <line num="10" count="2" type="stmt"/>
        <line num="12" count="2" type="stmt"/>
        <line num="30" count="1" type="stmt"/>
        <line num="34" count="1" type="stmt"/>
        <line num="38" count="1" type="stmt"/>
        <line num="48" count="2" type="cond" truecount="2" falsecount="0"/>
        <line num="58" count="2" type="cond" truecount="2" falsecount="0"/>
        <line num="72" count="0" type="stmt"/>
        <line num="80" count="1" type="stmt"/>
      </file>
    </package>
    <package name="Xml">
      <metrics statements="2" coveredstatements="2" conditionals="0" coveredconditionals="0" methods="2" coveredmethods="2"/>
      <file name="index.js" path="/Users/msimmer/code/tc/b-ber/packages/b-ber-templates/src/Xml/index.js">
        <metrics statements="2" coveredstatements="2" conditionals="0" coveredconditionals="0" methods="2" coveredmethods="2"/>
        <line num="3" count="1" type="stmt"/>
        <line num="12" count="1" type="stmt"/>
      </file>
    </package>
    <package name="figures">
      <metrics statements="65" coveredstatements="64" conditionals="51" coveredconditionals="41" methods="45" coveredmethods="44"/>
      <file name="epub.js" path="/Users/msimmer/code/tc/b-ber/packages/b-ber-templates/src/figures/epub.js">
        <metrics statements="9" coveredstatements="8" conditionals="0" coveredconditionals="0" methods="8" coveredmethods="7"/>
        <line num="3" count="1" type="stmt"/>
        <line num="4" count="3" type="stmt"/>
        <line num="5" count="3" type="stmt"/>
        <line num="6" count="3" type="stmt"/>
        <line num="7" count="3" type="stmt"/>
        <line num="8" count="3" type="stmt"/>
        <line num="9" count="3" type="stmt"/>
        <line num="10" count="3" type="stmt"/>
        <line num="11" count="0" type="stmt"/>
      </file>
      <file name="helpers.js" path="/Users/msimmer/code/tc/b-ber/packages/b-ber-templates/src/figures/helpers.js">
        <metrics statements="29" coveredstatements="29" conditionals="51" coveredconditionals="41" methods="13" coveredmethods="13"/>
        <line num="6" count="4" type="stmt"/>
        <line num="8" count="114" type="cond" truecount="0" falsecount="1"/>
        <line num="10" count="4" type="stmt"/>
        <line num="11" count="54" type="cond" truecount="4" falsecount="0"/>
        <line num="23" count="4" type="stmt"/>
        <line num="24" count="24" type="cond" truecount="3" falsecount="1"/>
        <line num="36" count="4" type="stmt"/>
        <line num="37" count="89" type="cond" truecount="2" falsecount="0"/>
        <line num="39" count="4" type="stmt"/>
        <line num="40" count="54" type="cond" truecount="1" falsecount="1"/>
        <line num="45" count="4" type="stmt"/>
        <line num="46" count="42" type="stmt"/>
        <line num="65" count="4" type="stmt"/>
        <line num="66" count="12" type="stmt"/>
        <line num="91" count="4" type="stmt"/>
        <line num="92" count="54" type="stmt"/>
        <line num="112" count="4" type="stmt"/>
        <line num="113" count="24" type="stmt"/>
        <line num="152" count="4" type="stmt"/>
        <line num="153" count="9" type="stmt"/>
        <line num="194" count="4" type="stmt"/>
        <line num="195" count="2" type="stmt"/>
        <line num="251" count="4" type="stmt"/>
        <line num="257" count="48" type="stmt"/>
        <line num="265" count="4" type="stmt"/>
        <line num="270" count="6" type="stmt"/>
        <line num="271" count="6" type="stmt"/>
        <line num="272" count="6" type="stmt"/>
        <line num="274" count="6" type="stmt"/>
      </file>
      <file name="mobi.js" path="/Users/msimmer/code/tc/b-ber/packages/b-ber-templates/src/figures/mobi.js">
        <metrics statements="9" coveredstatements="9" conditionals="0" coveredconditionals="0" methods="8" coveredmethods="8"/>
        <line num="3" count="1" type="stmt"/>
        <line num="4" count="3" type="stmt"/>
        <line num="6" count="3" type="stmt"/>
        <line num="8" count="3" type="stmt"/>
        <line num="9" count="3" type="stmt"/>
        <line num="10" count="3" type="stmt"/>
        <line num="11" count="3" type="stmt"/>
        <line num="12" count="3" type="stmt"/>
        <line num="13" count="3" type="stmt"/>
      </file>
      <file name="reader.js" path="/Users/msimmer/code/tc/b-ber/packages/b-ber-templates/src/figures/reader.js">
        <metrics statements="9" coveredstatements="9" conditionals="0" coveredconditionals="0" methods="8" coveredmethods="8"/>
        <line num="3" count="1" type="stmt"/>
        <line num="5" count="3" type="stmt"/>
        <line num="7" count="3" type="stmt"/>
        <line num="9" count="3" type="stmt"/>
        <line num="11" count="3" type="stmt"/>
        <line num="12" count="3" type="stmt"/>
        <line num="13" count="3" type="stmt"/>
        <line num="14" count="3" type="stmt"/>
        <line num="15" count="1" type="stmt"/>
      </file>
      <file name="web.js" path="/Users/msimmer/code/tc/b-ber/packages/b-ber-templates/src/figures/web.js">
        <metrics statements="9" coveredstatements="9" conditionals="0" coveredconditionals="0" methods="8" coveredmethods="8"/>
        <line num="3" count="1" type="stmt"/>
        <line num="4" count="3" type="stmt"/>
        <line num="5" count="3" type="stmt"/>
        <line num="6" count="3" type="stmt"/>
        <line num="7" count="3" type="stmt"/>
        <line num="8" count="3" type="stmt"/>
        <line num="9" count="3" type="stmt"/>
        <line num="10" count="3" type="stmt"/>
        <line num="11" count="1" type="stmt"/>
      </file>
    </package>
  </project>
</coverage>
