{
  "/Users/msimmer/code/tc/b-ber/packages/b-ber-templates/src/Project/index.js": {
    "path": "/Users/msimmer/code/tc/b-ber/packages/b-ber-templates/src/Project/index.js",
    "statementMap": {
      "0": {
        "start": { "line": 10, "column": 4 },
        "end": { "line": 18, "column": 5 }
      },
      "1": {
        "start": { "line": 22, "column": 4 },
        "end": { "line": 22, "column": 49 }
      },
      "2": {
        "start": { "line": 26, "column": 4 },
        "end": { "line": 26, "column": 71 }
      },
      "3": {
        "start": { "line": 30, "column": 4 },
        "end": { "line": 34, "column": 5 }
      },
      "4": {
        "start": { "line": 38, "column": 4 },
        "end": { "line": 42, "column": 5 }
      },
      "5": {
        "start": { "line": 46, "column": 4 },
        "end": { "line": 53, "column": 5 }
      },
      "6": {
        "start": { "line": 57, "column": 4 },
        "end": { "line": 71, "column": 5 }
      },
      "7": {
        "start": { "line": 75, "column": 4 },
        "end": { "line": 115, "column": 5 }
      },
      "8": {
        "start": { "line": 119, "column": 4 },
        "end": { "line": 119, "column": 13 }
      },
      "9": {
        "start": { "line": 123, "column": 4 },
        "end": { "line": 130, "column": 5 }
      },
      "10": {
        "start": { "line": 134, "column": 4 },
        "end": { "line": 138, "column": 5 }
      }
    },
    "fnMap": {
      "0": {
        "name": "(anonymous_0)",
        "decl": {
          "start": { "line": 9, "column": 2 },
          "end": { "line": 9, "column": 3 }
        },
        "loc": {
          "start": { "line": 9, "column": 26 },
          "end": { "line": 19, "column": 3 }
        },
        "line": 9
      },
      "1": {
        "name": "(anonymous_1)",
        "decl": {
          "start": { "line": 21, "column": 2 },
          "end": { "line": 21, "column": 3 }
        },
        "loc": {
          "start": { "line": 21, "column": 36 },
          "end": { "line": 23, "column": 3 }
        },
        "line": 21
      },
      "2": {
        "name": "(anonymous_2)",
        "decl": {
          "start": { "line": 25, "column": 2 },
          "end": { "line": 25, "column": 3 }
        },
        "loc": {
          "start": { "line": 25, "column": 36 },
          "end": { "line": 27, "column": 3 }
        },
        "line": 25
      },
      "3": {
        "name": "(anonymous_3)",
        "decl": {
          "start": { "line": 29, "column": 2 },
          "end": { "line": 29, "column": 3 }
        },
        "loc": {
          "start": { "line": 29, "column": 38 },
          "end": { "line": 35, "column": 3 }
        },
        "line": 29
      },
      "4": {
        "name": "(anonymous_4)",
        "decl": {
          "start": { "line": 37, "column": 2 },
          "end": { "line": 37, "column": 3 }
        },
        "loc": {
          "start": { "line": 37, "column": 22 },
          "end": { "line": 43, "column": 3 }
        },
        "line": 37
      },
      "5": {
        "name": "(anonymous_5)",
        "decl": {
          "start": { "line": 45, "column": 2 },
          "end": { "line": 45, "column": 3 }
        },
        "loc": {
          "start": { "line": 45, "column": 27 },
          "end": { "line": 54, "column": 3 }
        },
        "line": 45
      },
      "6": {
        "name": "(anonymous_6)",
        "decl": {
          "start": { "line": 56, "column": 2 },
          "end": { "line": 56, "column": 3 }
        },
        "loc": {
          "start": { "line": 56, "column": 26 },
          "end": { "line": 72, "column": 3 }
        },
        "line": 56
      },
      "7": {
        "name": "(anonymous_7)",
        "decl": {
          "start": { "line": 74, "column": 2 },
          "end": { "line": 74, "column": 3 }
        },
        "loc": {
          "start": { "line": 74, "column": 23 },
          "end": { "line": 116, "column": 3 }
        },
        "line": 74
      },
      "8": {
        "name": "(anonymous_8)",
        "decl": {
          "start": { "line": 118, "column": 2 },
          "end": { "line": 118, "column": 3 }
        },
        "loc": {
          "start": { "line": 118, "column": 23 },
          "end": { "line": 120, "column": 3 }
        },
        "line": 118
      },
      "9": {
        "name": "(anonymous_9)",
        "decl": {
          "start": { "line": 122, "column": 2 },
          "end": { "line": 122, "column": 3 }
        },
        "loc": {
          "start": { "line": 122, "column": 21 },
          "end": { "line": 131, "column": 3 }
        },
        "line": 122
      },
      "10": {
        "name": "(anonymous_10)",
        "decl": {
          "start": { "line": 133, "column": 2 },
          "end": { "line": 133, "column": 3 }
        },
        "loc": {
          "start": { "line": 133, "column": 24 },
          "end": { "line": 139, "column": 3 }
        },
        "line": 133
      }
    },
    "branchMap": {
      "0": {
        "loc": {
          "start": { "line": 29, "column": 25 },
          "end": { "line": 29, "column": 36 }
        },
        "type": "default-arg",
        "locations": [
          {
            "start": { "line": 29, "column": 34 },
            "end": { "line": 29, "column": 36 }
          }
        ],
        "line": 29
      }
    },
    "s": {
      "0": 1,
      "1": 3,
      "2": 3,
      "3": 1,
      "4": 1,
      "5": 1,
      "6": 0,
      "7": 0,
      "8": 0,
      "9": 0,
      "10": 0
    },
    "f": {
      "0": 1,
      "1": 3,
      "2": 3,
      "3": 1,
      "4": 1,
      "5": 1,
      "6": 0,
      "7": 0,
      "8": 0,
      "9": 0,
      "10": 0
    },
    "b": { "0": [1] },
    "_coverageSchema": "43e27e138ebf9cfc5966b082cf9a028302ed4184",
    "hash": "20ab3d8d69b699663bd1aafa025f0a72bafe8c9e"
  },
  "/Users/msimmer/code/tc/b-ber/packages/b-ber-templates/src/Project/metadata.yml.js": {
    "path": "/Users/msimmer/code/tc/b-ber/packages/b-ber-templates/src/Project/metadata.yml.js",
    "statementMap": {
      "0": {
        "start": { "line": 1, "column": 0 },
        "end": { "line": 123, "column": 1 }
      }
    },
    "fnMap": {},
    "branchMap": {},
    "s": { "0": 1 },
    "f": {},
    "b": {},
    "_coverageSchema": "43e27e138ebf9cfc5966b082cf9a028302ed4184",
    "hash": "9c837da46e99c7a3bf56e3a0db3c97df77b9b658"
  },
  "/Users/msimmer/code/tc/b-ber/packages/b-ber-templates/src/Project/toc.yml.js": {
    "path": "/Users/msimmer/code/tc/b-ber/packages/b-ber-templates/src/Project/toc.yml.js",
    "statementMap": {
      "0": {
        "start": { "line": 1, "column": 0 },
        "end": { "line": 14, "column": 1 }
      }
    },
    "fnMap": {},
    "branchMap": {},
    "s": { "0": 1 },
    "f": {},
    "b": {},
    "_coverageSchema": "43e27e138ebf9cfc5966b082cf9a028302ed4184",
    "hash": "7032af2fae447181068c5b63584766689030c7d5"
  },
  "/Users/msimmer/code/tc/b-ber/packages/b-ber-templates/src/Toc/index.js": {
    "path": "/Users/msimmer/code/tc/b-ber/packages/b-ber-templates/src/Toc/index.js",
    "statementMap": {
      "0": {
        "start": { "line": 7, "column": 4 },
        "end": { "line": 11, "column": 6 }
      },
      "1": {
        "start": { "line": 15, "column": 16 },
        "end": { "line": 15, "column": 44 }
      },
      "2": {
        "start": { "line": 16, "column": 4 },
        "end": { "line": 16, "column": 64 }
      },
      "3": {
        "start": { "line": 20, "column": 4 },
        "end": { "line": 33, "column": 3 }
      },
      "4": {
        "start": { "line": 23, "column": 10 },
        "end": { "line": 23, "column": 47 }
      },
      "5": {
        "start": { "line": 23, "column": 37 },
        "end": { "line": 23, "column": 47 }
      },
      "6": {
        "start": { "line": 25, "column": 10 },
        "end": { "line": 30, "column": 12 }
      }
    },
    "fnMap": {
      "0": {
        "name": "(anonymous_0)",
        "decl": {
          "start": { "line": 6, "column": 2 },
          "end": { "line": 6, "column": 3 }
        },
        "loc": {
          "start": { "line": 6, "column": 16 },
          "end": { "line": 12, "column": 3 }
        },
        "line": 6
      },
      "1": {
        "name": "(anonymous_1)",
        "decl": {
          "start": { "line": 14, "column": 2 },
          "end": { "line": 14, "column": 3 }
        },
        "loc": {
          "start": { "line": 14, "column": 20 },
          "end": { "line": 17, "column": 3 }
        },
        "line": 14
      },
      "2": {
        "name": "(anonymous_2)",
        "decl": {
          "start": { "line": 19, "column": 2 },
          "end": { "line": 19, "column": 3 }
        },
        "loc": {
          "start": { "line": 19, "column": 21 },
          "end": { "line": 34, "column": 3 }
        },
        "line": 19
      },
      "3": {
        "name": "(anonymous_3)",
        "decl": {
          "start": { "line": 22, "column": 22 },
          "end": { "line": 22, "column": 23 }
        },
        "loc": {
          "start": { "line": 22, "column": 37 },
          "end": { "line": 31, "column": 9 }
        },
        "line": 22
      }
    },
    "branchMap": {
      "0": {
        "loc": {
          "start": { "line": 23, "column": 10 },
          "end": { "line": 23, "column": 47 }
        },
        "type": "if",
        "locations": [
          {
            "start": { "line": 23, "column": 10 },
            "end": { "line": 23, "column": 47 }
          },
          {
            "start": { "line": 23, "column": 10 },
            "end": { "line": 23, "column": 47 }
          }
        ],
        "line": 23
      },
      "1": {
        "loc": {
          "start": { "line": 28, "column": 16 },
          "end": { "line": 28, "column": 76 }
        },
        "type": "cond-expr",
        "locations": [
          {
            "start": { "line": 28, "column": 50 },
            "end": { "line": 28, "column": 71 }
          },
          {
            "start": { "line": 28, "column": 74 },
            "end": { "line": 28, "column": 76 }
          }
        ],
        "line": 28
      },
      "2": {
        "loc": {
          "start": { "line": 28, "column": 16 },
          "end": { "line": 28, "column": 47 }
        },
        "type": "binary-expr",
        "locations": [
          {
            "start": { "line": 28, "column": 16 },
            "end": { "line": 28, "column": 26 }
          },
          {
            "start": { "line": 28, "column": 30 },
            "end": { "line": 28, "column": 47 }
          }
        ],
        "line": 28
      }
    },
    "s": { "0": 1, "1": 4, "2": 4, "3": 2, "4": 3, "5": 1, "6": 2 },
    "f": { "0": 1, "1": 4, "2": 2, "3": 3 },
    "b": { "0": [1, 2], "1": [1, 1], "2": [2, 1] },
    "_coverageSchema": "43e27e138ebf9cfc5966b082cf9a028302ed4184",
    "hash": "e0060ba9e41871d9fcb43c2f1c0e4cc83de5524c"
  },
  "/Users/msimmer/code/tc/b-ber/packages/b-ber-templates/src/Xhtml/index.js": {
    "path": "/Users/msimmer/code/tc/b-ber/packages/b-ber-templates/src/Xhtml/index.js",
    "statementMap": {
      "0": {
        "start": { "line": 9, "column": 19 },
        "end": { "line": 9, "column": 51 }
      },
      "1": {
        "start": { "line": 10, "column": 19 },
        "end": { "line": 10, "column": 83 }
      },
      "2": {
        "start": { "line": 12, "column": 4 },
        "end": { "line": 26, "column": 6 }
      },
      "3": {
        "start": { "line": 30, "column": 4 },
        "end": { "line": 30, "column": 60 }
      },
      "4": {
        "start": { "line": 34, "column": 4 },
        "end": { "line": 34, "column": 74 }
      },
      "5": {
        "start": { "line": 38, "column": 4 },
        "end": { "line": 44, "column": 5 }
      },
      "6": {
        "start": { "line": 48, "column": 4 },
        "end": { "line": 54, "column": 10 }
      },
      "7": {
        "start": { "line": 58, "column": 4 },
        "end": { "line": 68, "column": 10 }
      },
      "8": {
        "start": { "line": 72, "column": 4 },
        "end": { "line": 76, "column": 6 }
      },
      "9": {
        "start": { "line": 80, "column": 4 },
        "end": { "line": 86, "column": 5 }
      }
    },
    "fnMap": {
      "0": {
        "name": "(anonymous_0)",
        "decl": {
          "start": { "line": 5, "column": 2 },
          "end": { "line": 5, "column": 3 }
        },
        "loc": {
          "start": { "line": 5, "column": 16 },
          "end": { "line": 27, "column": 3 }
        },
        "line": 5
      },
      "1": {
        "name": "(anonymous_1)",
        "decl": {
          "start": { "line": 29, "column": 2 },
          "end": { "line": 29, "column": 3 }
        },
        "loc": {
          "start": { "line": 29, "column": 16 },
          "end": { "line": 31, "column": 3 }
        },
        "line": 29
      },
      "2": {
        "name": "(anonymous_2)",
        "decl": {
          "start": { "line": 33, "column": 2 },
          "end": { "line": 33, "column": 3 }
        },
        "loc": {
          "start": { "line": 33, "column": 16 },
          "end": { "line": 35, "column": 3 }
        },
        "line": 33
      },
      "3": {
        "name": "(anonymous_3)",
        "decl": {
          "start": { "line": 37, "column": 2 },
          "end": { "line": 37, "column": 3 }
        },
        "loc": {
          "start": { "line": 37, "column": 40 },
          "end": { "line": 45, "column": 3 }
        },
        "line": 37
      },
      "4": {
        "name": "(anonymous_4)",
        "decl": {
          "start": { "line": 47, "column": 2 },
          "end": { "line": 47, "column": 3 }
        },
        "loc": {
          "start": { "line": 47, "column": 36 },
          "end": { "line": 55, "column": 3 }
        },
        "line": 47
      },
      "5": {
        "name": "(anonymous_5)",
        "decl": {
          "start": { "line": 57, "column": 2 },
          "end": { "line": 57, "column": 3 }
        },
        "loc": {
          "start": { "line": 57, "column": 36 },
          "end": { "line": 69, "column": 3 }
        },
        "line": 57
      },
      "6": {
        "name": "(anonymous_6)",
        "decl": {
          "start": { "line": 71, "column": 2 },
          "end": { "line": 71, "column": 3 }
        },
        "loc": {
          "start": { "line": 71, "column": 18 },
          "end": { "line": 77, "column": 3 }
        },
        "line": 71
      },
      "7": {
        "name": "(anonymous_7)",
        "decl": {
          "start": { "line": 79, "column": 2 },
          "end": { "line": 79, "column": 3 }
        },
        "loc": {
          "start": { "line": 79, "column": 15 },
          "end": { "line": 87, "column": 3 }
        },
        "line": 79
      }
    },
    "branchMap": {
      "0": {
        "loc": {
          "start": { "line": 9, "column": 19 },
          "end": { "line": 9, "column": 51 }
        },
        "type": "cond-expr",
        "locations": [
          {
            "start": { "line": 9, "column": 42 },
            "end": { "line": 9, "column": 46 }
          },
          {
            "start": { "line": 9, "column": 49 },
            "end": { "line": 9, "column": 51 }
          }
        ],
        "line": 9
      },
      "1": {
        "loc": {
          "start": { "line": 47, "column": 20 },
          "end": { "line": 47, "column": 34 }
        },
        "type": "default-arg",
        "locations": [
          {
            "start": { "line": 47, "column": 29 },
            "end": { "line": 47, "column": 34 }
          }
        ],
        "line": 47
      },
      "2": {
        "loc": {
          "start": { "line": 48, "column": 11 },
          "end": { "line": 54, "column": 10 }
        },
        "type": "cond-expr",
        "locations": [
          {
            "start": { "line": 49, "column": 8 },
            "end": { "line": 49, "column": 72 }
          },
          {
            "start": { "line": 50, "column": 8 },
            "end": { "line": 54, "column": 10 }
          }
        ],
        "line": 48
      },
      "3": {
        "loc": {
          "start": { "line": 57, "column": 20 },
          "end": { "line": 57, "column": 34 }
        },
        "type": "default-arg",
        "locations": [
          {
            "start": { "line": 57, "column": 29 },
            "end": { "line": 57, "column": 34 }
          }
        ],
        "line": 57
      },
      "4": {
        "loc": {
          "start": { "line": 58, "column": 11 },
          "end": { "line": 68, "column": 10 }
        },
        "type": "cond-expr",
        "locations": [
          {
            "start": { "line": 59, "column": 8 },
            "end": { "line": 63, "column": 10 }
          },
          {
            "start": { "line": 64, "column": 8 },
            "end": { "line": 68, "column": 10 }
          }
        ],
        "line": 58
      }
    },
    "s": {
      "0": 2,
      "1": 2,
      "2": 2,
      "3": 1,
      "4": 1,
      "5": 1,
      "6": 2,
      "7": 2,
      "8": 0,
      "9": 1
    },
    "f": { "0": 2, "1": 1, "2": 1, "3": 1, "4": 2, "5": 2, "6": 0, "7": 1 },
    "b": { "0": [1, 1], "1": [1], "2": [1, 1], "3": [1], "4": [1, 1] },
    "_coverageSchema": "43e27e138ebf9cfc5966b082cf9a028302ed4184",
    "hash": "ce5e13f0aa93cfc2160835f697ce75788fceba33"
  },
  "/Users/msimmer/code/tc/b-ber/packages/b-ber-templates/src/Xml/index.js": {
    "path": "/Users/msimmer/code/tc/b-ber/packages/b-ber-templates/src/Xml/index.js",
    "statementMap": {
      "0": {
        "start": { "line": 3, "column": 4 },
        "end": { "line": 9, "column": 9 }
      },
      "1": {
        "start": { "line": 12, "column": 4 },
        "end": { "line": 12, "column": 33 }
      }
    },
    "fnMap": {
      "0": {
        "name": "(anonymous_0)",
        "decl": {
          "start": { "line": 2, "column": 2 },
          "end": { "line": 2, "column": 3 }
        },
        "loc": {
          "start": { "line": 2, "column": 21 },
          "end": { "line": 10, "column": 3 }
        },
        "line": 2
      },
      "1": {
        "name": "(anonymous_1)",
        "decl": {
          "start": { "line": 11, "column": 2 },
          "end": { "line": 11, "column": 3 }
        },
        "loc": {
          "start": { "line": 11, "column": 20 },
          "end": { "line": 13, "column": 3 }
        },
        "line": 11
      }
    },
    "branchMap": {},
    "s": { "0": 1, "1": 1 },
    "f": { "0": 1, "1": 1 },
    "b": {},
    "_coverageSchema": "43e27e138ebf9cfc5966b082cf9a028302ed4184",
    "hash": "bc20d23a9c4a3390857a8fc628260db09c066cbf"
  },
  "/Users/msimmer/code/tc/b-ber/packages/b-ber-templates/src/figures/epub.js": {
    "path": "/Users/msimmer/code/tc/b-ber/packages/b-ber-templates/src/figures/epub.js",
    "statementMap": {
      "0": {
        "start": { "line": 3, "column": 13 },
        "end": { "line": 12, "column": 1 }
      },
      "1": {
        "start": { "line": 4, "column": 20 },
        "end": { "line": 4, "column": 59 }
      },
      "2": {
        "start": { "line": 5, "column": 21 },
        "end": { "line": 5, "column": 61 }
      },
      "3": {
        "start": { "line": 6, "column": 27 },
        "end": { "line": 6, "column": 71 }
      },
      "4": {
        "start": { "line": 7, "column": 18 },
        "end": { "line": 7, "column": 55 }
      },
      "5": {
        "start": { "line": 8, "column": 17 },
        "end": { "line": 8, "column": 61 }
      },
      "6": {
        "start": { "line": 9, "column": 17 },
        "end": { "line": 9, "column": 61 }
      },
      "7": {
        "start": { "line": 10, "column": 18 },
        "end": { "line": 10, "column": 63 }
      },
      "8": {
        "start": { "line": 11, "column": 17 },
        "end": { "line": 11, "column": 64 }
      }
    },
    "fnMap": {
      "0": {
        "name": "(anonymous_0)",
        "decl": {
          "start": { "line": 4, "column": 12 },
          "end": { "line": 4, "column": 13 }
        },
        "loc": {
          "start": { "line": 4, "column": 20 },
          "end": { "line": 4, "column": 59 }
        },
        "line": 4
      },
      "1": {
        "name": "(anonymous_1)",
        "decl": {
          "start": { "line": 5, "column": 13 },
          "end": { "line": 5, "column": 14 }
        },
        "loc": {
          "start": { "line": 5, "column": 21 },
          "end": { "line": 5, "column": 61 }
        },
        "line": 5
      },
      "2": {
        "name": "(anonymous_2)",
        "decl": {
          "start": { "line": 6, "column": 19 },
          "end": { "line": 6, "column": 20 }
        },
        "loc": {
          "start": { "line": 6, "column": 27 },
          "end": { "line": 6, "column": 71 }
        },
        "line": 6
      },
      "3": {
        "name": "(anonymous_3)",
        "decl": {
          "start": { "line": 7, "column": 10 },
          "end": { "line": 7, "column": 11 }
        },
        "loc": {
          "start": { "line": 7, "column": 18 },
          "end": { "line": 7, "column": 55 }
        },
        "line": 7
      },
      "4": {
        "name": "(anonymous_4)",
        "decl": {
          "start": { "line": 8, "column": 9 },
          "end": { "line": 8, "column": 10 }
        },
        "loc": {
          "start": { "line": 8, "column": 17 },
          "end": { "line": 8, "column": 61 }
        },
        "line": 8
      },
      "5": {
        "name": "(anonymous_5)",
        "decl": {
          "start": { "line": 9, "column": 9 },
          "end": { "line": 9, "column": 10 }
        },
        "loc": {
          "start": { "line": 9, "column": 17 },
          "end": { "line": 9, "column": 61 }
        },
        "line": 9
      },
      "6": {
        "name": "(anonymous_6)",
        "decl": {
          "start": { "line": 10, "column": 10 },
          "end": { "line": 10, "column": 11 }
        },
        "loc": {
          "start": { "line": 10, "column": 18 },
          "end": { "line": 10, "column": 63 }
        },
        "line": 10
      },
      "7": {
        "name": "(anonymous_7)",
        "decl": {
          "start": { "line": 11, "column": 9 },
          "end": { "line": 11, "column": 10 }
        },
        "loc": {
          "start": { "line": 11, "column": 17 },
          "end": { "line": 11, "column": 64 }
        },
        "line": 11
      }
    },
    "branchMap": {},
    "s": {
      "0": 1,
      "1": 3,
      "2": 3,
      "3": 3,
      "4": 3,
      "5": 3,
      "6": 3,
      "7": 3,
      "8": 0
    },
    "f": { "0": 3, "1": 3, "2": 3, "3": 3, "4": 3, "5": 3, "6": 3, "7": 0 },
    "b": {},
    "_coverageSchema": "43e27e138ebf9cfc5966b082cf9a028302ed4184",
    "hash": "6a36a9c9d6bab3830421482f774317b73e54a0e5"
  },
  "/Users/msimmer/code/tc/b-ber/packages/b-ber-templates/src/figures/helpers.js": {
    "path": "/Users/msimmer/code/tc/b-ber/packages/b-ber-templates/src/figures/helpers.js",
    "statementMap": {
      "0": {
        "start": { "line": 6, "column": 29 },
        "end": { "line": 6, "column": 48 }
      },
      "1": {
        "start": { "line": 8, "column": 27 },
        "end": { "line": 8, "column": 67 }
      },
      "2": {
        "start": { "line": 8, "column": 49 },
        "end": { "line": 8, "column": 67 }
      },
      "3": {
        "start": { "line": 10, "column": 31 },
        "end": { "line": 21, "column": 49 }
      },
      "4": {
        "start": { "line": 11, "column": 2 },
        "end": { "line": 21, "column": 49 }
      },
      "5": {
        "start": { "line": 23, "column": 30 },
        "end": { "line": 34, "column": 64 }
      },
      "6": {
        "start": { "line": 24, "column": 2 },
        "end": { "line": 34, "column": 64 }
      },
      "7": {
        "start": { "line": 36, "column": 23 },
        "end": { "line": 37, "column": 67 }
      },
      "8": {
        "start": { "line": 37, "column": 2 },
        "end": { "line": 37, "column": 67 }
      },
      "9": {
        "start": { "line": 39, "column": 26 },
        "end": { "line": 42, "column": 15 }
      },
      "10": {
        "start": { "line": 40, "column": 2 },
        "end": { "line": 42, "column": 15 }
      },
      "11": {
        "start": { "line": 45, "column": 20 },
        "end": { "line": 62, "column": 47 }
      },
      "12": {
        "start": { "line": 46, "column": 2 },
        "end": { "line": 62, "column": 47 }
      },
      "13": {
        "start": { "line": 65, "column": 22 },
        "end": { "line": 89, "column": 5 }
      },
      "14": {
        "start": { "line": 66, "column": 2 },
        "end": { "line": 89, "column": 5 }
      },
      "15": {
        "start": { "line": 91, "column": 30 },
        "end": { "line": 110, "column": 64 }
      },
      "16": {
        "start": { "line": 92, "column": 2 },
        "end": { "line": 110, "column": 64 }
      },
      "17": {
        "start": { "line": 112, "column": 21 },
        "end": { "line": 150, "column": 64 }
      },
      "18": {
        "start": { "line": 113, "column": 2 },
        "end": { "line": 150, "column": 64 }
      },
      "19": {
        "start": { "line": 152, "column": 22 },
        "end": { "line": 192, "column": 65 }
      },
      "20": {
        "start": { "line": 153, "column": 2 },
        "end": { "line": 192, "column": 65 }
      },
      "21": {
        "start": { "line": 194, "column": 21 },
        "end": { "line": 249, "column": 64 }
      },
      "22": {
        "start": { "line": 195, "column": 2 },
        "end": { "line": 249, "column": 64 }
      },
      "23": {
        "start": { "line": 251, "column": 22 },
        "end": { "line": 263, "column": 4 }
      },
      "24": {
        "start": { "line": 257, "column": 2 },
        "end": { "line": 263, "column": 4 }
      },
      "25": {
        "start": { "line": 265, "column": 27 },
        "end": { "line": 284, "column": 1 }
      },
      "26": {
        "start": { "line": 270, "column": 17 },
        "end": { "line": 270, "column": 68 }
      },
      "27": {
        "start": { "line": 271, "column": 28 },
        "end": { "line": 271, "column": 60 }
      },
      "28": {
        "start": { "line": 272, "column": 20 },
        "end": { "line": 272, "column": 54 }
      },
      "29": {
        "start": { "line": 274, "column": 2 },
        "end": { "line": 283, "column": 4 }
      }
    },
    "fnMap": {
      "0": {
        "name": "(anonymous_0)",
        "decl": {
          "start": { "line": 8, "column": 27 },
          "end": { "line": 8, "column": 28 }
        },
        "loc": {
          "start": { "line": 8, "column": 49 },
          "end": { "line": 8, "column": 67 }
        },
        "line": 8
      },
      "1": {
        "name": "(anonymous_1)",
        "decl": {
          "start": { "line": 10, "column": 31 },
          "end": { "line": 10, "column": 32 }
        },
        "loc": {
          "start": { "line": 11, "column": 2 },
          "end": { "line": 21, "column": 49 }
        },
        "line": 11
      },
      "2": {
        "name": "(anonymous_2)",
        "decl": {
          "start": { "line": 23, "column": 30 },
          "end": { "line": 23, "column": 31 }
        },
        "loc": {
          "start": { "line": 24, "column": 2 },
          "end": { "line": 34, "column": 64 }
        },
        "line": 24
      },
      "3": {
        "name": "(anonymous_3)",
        "decl": {
          "start": { "line": 36, "column": 23 },
          "end": { "line": 36, "column": 24 }
        },
        "loc": {
          "start": { "line": 37, "column": 2 },
          "end": { "line": 37, "column": 67 }
        },
        "line": 37
      },
      "4": {
        "name": "(anonymous_4)",
        "decl": {
          "start": { "line": 39, "column": 26 },
          "end": { "line": 39, "column": 27 }
        },
        "loc": {
          "start": { "line": 40, "column": 2 },
          "end": { "line": 42, "column": 15 }
        },
        "line": 40
      },
      "5": {
        "name": "(anonymous_5)",
        "decl": {
          "start": { "line": 45, "column": 20 },
          "end": { "line": 45, "column": 21 }
        },
        "loc": {
          "start": { "line": 46, "column": 2 },
          "end": { "line": 62, "column": 47 }
        },
        "line": 46
      },
      "6": {
        "name": "(anonymous_6)",
        "decl": {
          "start": { "line": 65, "column": 22 },
          "end": { "line": 65, "column": 23 }
        },
        "loc": {
          "start": { "line": 66, "column": 2 },
          "end": { "line": 89, "column": 5 }
        },
        "line": 66
      },
      "7": {
        "name": "(anonymous_7)",
        "decl": {
          "start": { "line": 91, "column": 30 },
          "end": { "line": 91, "column": 31 }
        },
        "loc": {
          "start": { "line": 92, "column": 2 },
          "end": { "line": 110, "column": 64 }
        },
        "line": 92
      },
      "8": {
        "name": "(anonymous_8)",
        "decl": {
          "start": { "line": 112, "column": 21 },
          "end": { "line": 112, "column": 22 }
        },
        "loc": {
          "start": { "line": 113, "column": 2 },
          "end": { "line": 150, "column": 64 }
        },
        "line": 113
      },
      "9": {
        "name": "(anonymous_9)",
        "decl": {
          "start": { "line": 152, "column": 22 },
          "end": { "line": 152, "column": 23 }
        },
        "loc": {
          "start": { "line": 153, "column": 2 },
          "end": { "line": 192, "column": 65 }
        },
        "line": 153
      },
      "10": {
        "name": "(anonymous_10)",
        "decl": {
          "start": { "line": 194, "column": 21 },
          "end": { "line": 194, "column": 22 }
        },
        "loc": {
          "start": { "line": 195, "column": 2 },
          "end": { "line": 249, "column": 64 }
        },
        "line": 195
      },
      "11": {
        "name": "(anonymous_11)",
        "decl": {
          "start": { "line": 251, "column": 22 },
          "end": { "line": 251, "column": 23 }
        },
        "loc": {
          "start": { "line": 257, "column": 2 },
          "end": { "line": 263, "column": 4 }
        },
        "line": 257
      },
      "12": {
        "name": "(anonymous_12)",
        "decl": {
          "start": { "line": 265, "column": 27 },
          "end": { "line": 265, "column": 28 }
        },
        "loc": {
          "start": { "line": 269, "column": 6 },
          "end": { "line": 284, "column": 1 }
        },
        "line": 269
      }
    },
    "branchMap": {
      "0": {
        "loc": {
          "start": { "line": 8, "column": 30 },
          "end": { "line": 8, "column": 42 }
        },
        "type": "default-arg",
        "locations": [
          {
            "start": { "line": 8, "column": 40 },
            "end": { "line": 8, "column": 42 }
          }
        ],
        "line": 8
      },
      "1": {
        "loc": {
          "start": { "line": 11, "column": 2 },
          "end": { "line": 21, "column": 49 }
        },
        "type": "cond-expr",
        "locations": [
          {
            "start": { "line": 12, "column": 6 },
            "end": { "line": 20, "column": 18 }
          },
          {
            "start": { "line": 21, "column": 6 },
            "end": { "line": 21, "column": 49 }
          }
        ],
        "line": 11
      },
      "2": {
        "loc": {
          "start": { "line": 11, "column": 2 },
          "end": { "line": 11, "column": 40 }
        },
        "type": "binary-expr",
        "locations": [
          {
            "start": { "line": 11, "column": 2 },
            "end": { "line": 11, "column": 13 }
          },
          {
            "start": { "line": 11, "column": 17 },
            "end": { "line": 11, "column": 40 }
          }
        ],
        "line": 11
      },
      "3": {
        "loc": {
          "start": { "line": 24, "column": 2 },
          "end": { "line": 34, "column": 64 }
        },
        "type": "cond-expr",
        "locations": [
          {
            "start": { "line": 25, "column": 6 },
            "end": { "line": 33, "column": 18 }
          },
          {
            "start": { "line": 34, "column": 6 },
            "end": { "line": 34, "column": 64 }
          }
        ],
        "line": 24
      },
      "4": {
        "loc": {
          "start": { "line": 24, "column": 2 },
          "end": { "line": 24, "column": 40 }
        },
        "type": "binary-expr",
        "locations": [
          {
            "start": { "line": 24, "column": 2 },
            "end": { "line": 24, "column": 13 }
          },
          {
            "start": { "line": 24, "column": 17 },
            "end": { "line": 24, "column": 40 }
          }
        ],
        "line": 24
      },
      "5": {
        "loc": {
          "start": { "line": 37, "column": 2 },
          "end": { "line": 37, "column": 67 }
        },
        "type": "cond-expr",
        "locations": [
          {
            "start": { "line": 37, "column": 11 },
            "end": { "line": 37, "column": 13 }
          },
          {
            "start": { "line": 37, "column": 16 },
            "end": { "line": 37, "column": 67 }
          }
        ],
        "line": 37
      },
      "6": {
        "loc": {
          "start": { "line": 40, "column": 2 },
          "end": { "line": 42, "column": 15 }
        },
        "type": "cond-expr",
        "locations": [
          {
            "start": { "line": 41, "column": 6 },
            "end": { "line": 41, "column": 17 }
          },
          {
            "start": { "line": 42, "column": 6 },
            "end": { "line": 42, "column": 15 }
          }
        ],
        "line": 40
      },
      "7": {
        "loc": {
          "start": { "line": 56, "column": 6 },
          "end": { "line": 56, "column": 69 }
        },
        "type": "cond-expr",
        "locations": [
          {
            "start": { "line": 56, "column": 20 },
            "end": { "line": 56, "column": 22 }
          },
          {
            "start": { "line": 56, "column": 25 },
            "end": { "line": 56, "column": 69 }
          }
        ],
        "line": 56
      },
      "8": {
        "loc": {
          "start": { "line": 58, "column": 29 },
          "end": { "line": 58, "column": 54 }
        },
        "type": "cond-expr",
        "locations": [
          {
            "start": { "line": 58, "column": 43 },
            "end": { "line": 58, "column": 45 }
          },
          {
            "start": { "line": 58, "column": 48 },
            "end": { "line": 58, "column": 54 }
          }
        ],
        "line": 58
      },
      "9": {
        "loc": {
          "start": { "line": 84, "column": 6 },
          "end": { "line": 84, "column": 49 }
        },
        "type": "cond-expr",
        "locations": [
          {
            "start": { "line": 84, "column": 37 },
            "end": { "line": 84, "column": 44 }
          },
          {
            "start": { "line": 84, "column": 47 },
            "end": { "line": 84, "column": 49 }
          }
        ],
        "line": 84
      },
      "10": {
        "loc": {
          "start": { "line": 84, "column": 6 },
          "end": { "line": 84, "column": 34 }
        },
        "type": "binary-expr",
        "locations": [
          {
            "start": { "line": 84, "column": 6 },
            "end": { "line": 84, "column": 18 }
          },
          {
            "start": { "line": 84, "column": 22 },
            "end": { "line": 84, "column": 34 }
          }
        ],
        "line": 84
      },
      "11": {
        "loc": {
          "start": { "line": 88, "column": 6 },
          "end": { "line": 88, "column": 79 }
        },
        "type": "cond-expr",
        "locations": [
          {
            "start": { "line": 88, "column": 20 },
            "end": { "line": 88, "column": 22 }
          },
          {
            "start": { "line": 88, "column": 25 },
            "end": { "line": 88, "column": 79 }
          }
        ],
        "line": 88
      },
      "12": {
        "loc": {
          "start": { "line": 108, "column": 6 },
          "end": { "line": 108, "column": 63 }
        },
        "type": "cond-expr",
        "locations": [
          {
            "start": { "line": 108, "column": 24 },
            "end": { "line": 108, "column": 41 }
          },
          {
            "start": { "line": 108, "column": 44 },
            "end": { "line": 108, "column": 63 }
          }
        ],
        "line": 108
      },
      "13": {
        "loc": {
          "start": { "line": 110, "column": 32 },
          "end": { "line": 110, "column": 63 }
        },
        "type": "cond-expr",
        "locations": [
          {
            "start": { "line": 110, "column": 46 },
            "end": { "line": 110, "column": 48 }
          },
          {
            "start": { "line": 110, "column": 51 },
            "end": { "line": 110, "column": 63 }
          }
        ],
        "line": 110
      },
      "14": {
        "loc": {
          "start": { "line": 148, "column": 27 },
          "end": { "line": 148, "column": 69 }
        },
        "type": "cond-expr",
        "locations": [
          {
            "start": { "line": 148, "column": 42 },
            "end": { "line": 148, "column": 64 }
          },
          {
            "start": { "line": 148, "column": 67 },
            "end": { "line": 148, "column": 69 }
          }
        ],
        "line": 148
      },
      "15": {
        "loc": {
          "start": { "line": 150, "column": 32 },
          "end": { "line": 150, "column": 63 }
        },
        "type": "cond-expr",
        "locations": [
          {
            "start": { "line": 150, "column": 46 },
            "end": { "line": 150, "column": 48 }
          },
          {
            "start": { "line": 150, "column": 51 },
            "end": { "line": 150, "column": 63 }
          }
        ],
        "line": 150
      },
      "16": {
        "loc": {
          "start": { "line": 190, "column": 27 },
          "end": { "line": 190, "column": 69 }
        },
        "type": "cond-expr",
        "locations": [
          {
            "start": { "line": 190, "column": 42 },
            "end": { "line": 190, "column": 64 }
          },
          {
            "start": { "line": 190, "column": 67 },
            "end": { "line": 190, "column": 69 }
          }
        ],
        "line": 190
      },
      "17": {
        "loc": {
          "start": { "line": 192, "column": 33 },
          "end": { "line": 192, "column": 64 }
        },
        "type": "cond-expr",
        "locations": [
          {
            "start": { "line": 192, "column": 47 },
            "end": { "line": 192, "column": 49 }
          },
          {
            "start": { "line": 192, "column": 52 },
            "end": { "line": 192, "column": 64 }
          }
        ],
        "line": 192
      },
      "18": {
        "loc": {
          "start": { "line": 230, "column": 6 },
          "end": { "line": 232, "column": 12 }
        },
        "type": "cond-expr",
        "locations": [
          {
            "start": { "line": 231, "column": 10 },
            "end": { "line": 231, "column": 59 }
          },
          {
            "start": { "line": 232, "column": 10 },
            "end": { "line": 232, "column": 12 }
          }
        ],
        "line": 230
      },
      "19": {
        "loc": {
          "start": { "line": 230, "column": 6 },
          "end": { "line": 230, "column": 45 }
        },
        "type": "binary-expr",
        "locations": [
          {
            "start": { "line": 230, "column": 6 },
            "end": { "line": 230, "column": 17 }
          },
          {
            "start": { "line": 230, "column": 21 },
            "end": { "line": 230, "column": 45 }
          }
        ],
        "line": 230
      },
      "20": {
        "loc": {
          "start": { "line": 238, "column": 6 },
          "end": { "line": 240, "column": 23 }
        },
        "type": "cond-expr",
        "locations": [
          {
            "start": { "line": 239, "column": 10 },
            "end": { "line": 239, "column": 21 }
          },
          {
            "start": { "line": 240, "column": 10 },
            "end": { "line": 240, "column": 23 }
          }
        ],
        "line": 238
      },
      "21": {
        "loc": {
          "start": { "line": 238, "column": 6 },
          "end": { "line": 238, "column": 55 }
        },
        "type": "binary-expr",
        "locations": [
          {
            "start": { "line": 238, "column": 6 },
            "end": { "line": 238, "column": 30 }
          },
          {
            "start": { "line": 238, "column": 34 },
            "end": { "line": 238, "column": 55 }
          }
        ],
        "line": 238
      },
      "22": {
        "loc": {
          "start": { "line": 247, "column": 26 },
          "end": { "line": 247, "column": 68 }
        },
        "type": "cond-expr",
        "locations": [
          {
            "start": { "line": 247, "column": 41 },
            "end": { "line": 247, "column": 63 }
          },
          {
            "start": { "line": 247, "column": 66 },
            "end": { "line": 247, "column": 68 }
          }
        ],
        "line": 247
      },
      "23": {
        "loc": {
          "start": { "line": 249, "column": 32 },
          "end": { "line": 249, "column": 63 }
        },
        "type": "cond-expr",
        "locations": [
          {
            "start": { "line": 249, "column": 46 },
            "end": { "line": 249, "column": 48 }
          },
          {
            "start": { "line": 249, "column": 51 },
            "end": { "line": 249, "column": 63 }
          }
        ],
        "line": 249
      },
      "24": {
        "loc": {
          "start": { "line": 254, "column": 2 },
          "end": { "line": 254, "column": 28 }
        },
        "type": "default-arg",
        "locations": [
          {
            "start": { "line": 254, "column": 23 },
            "end": { "line": 254, "column": 28 }
          }
        ],
        "line": 254
      },
      "25": {
        "loc": {
          "start": { "line": 255, "column": 2 },
          "end": { "line": 255, "column": 19 }
        },
        "type": "default-arg",
        "locations": [
          {
            "start": { "line": 255, "column": 15 },
            "end": { "line": 255, "column": 19 }
          }
        ],
        "line": 255
      },
      "26": {
        "loc": {
          "start": { "line": 267, "column": 2 },
          "end": { "line": 267, "column": 28 }
        },
        "type": "default-arg",
        "locations": [
          {
            "start": { "line": 267, "column": 23 },
            "end": { "line": 267, "column": 28 }
          }
        ],
        "line": 267
      },
      "27": {
        "loc": {
          "start": { "line": 268, "column": 2 },
          "end": { "line": 268, "column": 19 }
        },
        "type": "default-arg",
        "locations": [
          {
            "start": { "line": 268, "column": 15 },
            "end": { "line": 268, "column": 19 }
          }
        ],
        "line": 268
      }
    },
    "s": {
      "0": 4,
      "1": 4,
      "2": 114,
      "3": 4,
      "4": 54,
      "5": 4,
      "6": 24,
      "7": 4,
      "8": 89,
      "9": 4,
      "10": 54,
      "11": 4,
      "12": 42,
      "13": 4,
      "14": 12,
      "15": 4,
      "16": 54,
      "17": 4,
      "18": 24,
      "19": 4,
      "20": 9,
      "21": 4,
      "22": 2,
      "23": 4,
      "24": 48,
      "25": 4,
      "26": 6,
      "27": 6,
      "28": 6,
      "29": 6
    },
    "f": {
      "0": 114,
      "1": 54,
      "2": 24,
      "3": 89,
      "4": 54,
      "5": 42,
      "6": 12,
      "7": 54,
      "8": 24,
      "9": 9,
      "10": 2,
      "11": 48,
      "12": 6
    },
    "b": {
      "0": [0],
      "1": [36, 18],
      "2": [54, 18],
      "3": [24, 0],
      "4": [24, 8],
      "5": [60, 29],
      "6": [0, 54],
      "7": [28, 14],
      "8": [28, 14],
      "9": [4, 8],
      "10": [12, 12],
      "11": [8, 4],
      "12": [42, 12],
      "13": [36, 18],
      "14": [24, 0],
      "15": [16, 8],
      "16": [9, 0],
      "17": [6, 3],
      "18": [2, 0],
      "19": [2, 2],
      "20": [0, 2],
      "21": [2, 2],
      "22": [2, 0],
      "23": [2, 0],
      "24": [36],
      "25": [36],
      "26": [0],
      "27": [6]
    },
    "_coverageSchema": "43e27e138ebf9cfc5966b082cf9a028302ed4184",
    "hash": "8a0ddfcb1814990def5b17c515ec72eb012a527e"
  },
  "/Users/msimmer/code/tc/b-ber/packages/b-ber-templates/src/figures/mobi.js": {
    "path": "/Users/msimmer/code/tc/b-ber/packages/b-ber-templates/src/figures/mobi.js",
    "statementMap": {
      "0": {
        "start": { "line": 3, "column": 13 },
        "end": { "line": 14, "column": 1 }
      },
      "1": {
        "start": { "line": 4, "column": 20 },
        "end": { "line": 4, "column": 78 }
      },
      "2": {
        "start": { "line": 6, "column": 4 },
        "end": { "line": 6, "column": 63 }
      },
      "3": {
        "start": { "line": 8, "column": 4 },
        "end": { "line": 8, "column": 67 }
      },
      "4": {
        "start": { "line": 9, "column": 18 },
        "end": { "line": 9, "column": 74 }
      },
      "5": {
        "start": { "line": 10, "column": 17 },
        "end": { "line": 10, "column": 61 }
      },
      "6": {
        "start": { "line": 11, "column": 17 },
        "end": { "line": 11, "column": 61 }
      },
      "7": {
        "start": { "line": 12, "column": 18 },
        "end": { "line": 12, "column": 65 }
      },
      "8": {
        "start": { "line": 13, "column": 17 },
        "end": { "line": 13, "column": 64 }
      }
    },
    "fnMap": {
      "0": {
        "name": "(anonymous_0)",
        "decl": {
          "start": { "line": 4, "column": 12 },
          "end": { "line": 4, "column": 13 }
        },
        "loc": {
          "start": { "line": 4, "column": 20 },
          "end": { "line": 4, "column": 78 }
        },
        "line": 4
      },
      "1": {
        "name": "(anonymous_1)",
        "decl": {
          "start": { "line": 5, "column": 13 },
          "end": { "line": 5, "column": 14 }
        },
        "loc": {
          "start": { "line": 6, "column": 4 },
          "end": { "line": 6, "column": 63 }
        },
        "line": 6
      },
      "2": {
        "name": "(anonymous_2)",
        "decl": {
          "start": { "line": 7, "column": 19 },
          "end": { "line": 7, "column": 20 }
        },
        "loc": {
          "start": { "line": 8, "column": 4 },
          "end": { "line": 8, "column": 67 }
        },
        "line": 8
      },
      "3": {
        "name": "(anonymous_3)",
        "decl": {
          "start": { "line": 9, "column": 10 },
          "end": { "line": 9, "column": 11 }
        },
        "loc": {
          "start": { "line": 9, "column": 18 },
          "end": { "line": 9, "column": 74 }
        },
        "line": 9
      },
      "4": {
        "name": "(anonymous_4)",
        "decl": {
          "start": { "line": 10, "column": 9 },
          "end": { "line": 10, "column": 10 }
        },
        "loc": {
          "start": { "line": 10, "column": 17 },
          "end": { "line": 10, "column": 61 }
        },
        "line": 10
      },
      "5": {
        "name": "(anonymous_5)",
        "decl": {
          "start": { "line": 11, "column": 9 },
          "end": { "line": 11, "column": 10 }
        },
        "loc": {
          "start": { "line": 11, "column": 17 },
          "end": { "line": 11, "column": 61 }
        },
        "line": 11
      },
      "6": {
        "name": "(anonymous_6)",
        "decl": {
          "start": { "line": 12, "column": 10 },
          "end": { "line": 12, "column": 11 }
        },
        "loc": {
          "start": { "line": 12, "column": 18 },
          "end": { "line": 12, "column": 65 }
        },
        "line": 12
      },
      "7": {
        "name": "(anonymous_7)",
        "decl": {
          "start": { "line": 13, "column": 9 },
          "end": { "line": 13, "column": 10 }
        },
        "loc": {
          "start": { "line": 13, "column": 17 },
          "end": { "line": 13, "column": 64 }
        },
        "line": 13
      }
    },
    "branchMap": {},
    "s": {
      "0": 1,
      "1": 3,
      "2": 3,
      "3": 3,
      "4": 3,
      "5": 3,
      "6": 3,
      "7": 3,
      "8": 3
    },
    "f": { "0": 3, "1": 3, "2": 3, "3": 3, "4": 3, "5": 3, "6": 3, "7": 3 },
    "b": {},
    "_coverageSchema": "43e27e138ebf9cfc5966b082cf9a028302ed4184",
    "hash": "996ceca0cd1292d914c5d2d7c47d7805f2e92984"
  },
  "/Users/msimmer/code/tc/b-ber/packages/b-ber-templates/src/figures/reader.js": {
    "path": "/Users/msimmer/code/tc/b-ber/packages/b-ber-templates/src/figures/reader.js",
    "statementMap": {
      "0": {
        "start": { "line": 3, "column": 15 },
        "end": { "line": 16, "column": 1 }
      },
      "1": {
        "start": { "line": 5, "column": 4 },
        "end": { "line": 5, "column": 70 }
      },
      "2": {
        "start": { "line": 7, "column": 4 },
        "end": { "line": 7, "column": 69 }
      },
      "3": {
        "start": { "line": 9, "column": 4 },
        "end": { "line": 9, "column": 74 }
      },
      "4": {
        "start": { "line": 11, "column": 4 },
        "end": { "line": 11, "column": 67 }
      },
      "5": {
        "start": { "line": 12, "column": 17 },
        "end": { "line": 12, "column": 61 }
      },
      "6": {
        "start": { "line": 13, "column": 17 },
        "end": { "line": 13, "column": 61 }
      },
      "7": {
        "start": { "line": 14, "column": 18 },
        "end": { "line": 14, "column": 63 }
      },
      "8": {
        "start": { "line": 15, "column": 17 },
        "end": { "line": 15, "column": 61 }
      }
    },
    "fnMap": {
      "0": {
        "name": "(anonymous_0)",
        "decl": {
          "start": { "line": 4, "column": 13 },
          "end": { "line": 4, "column": 14 }
        },
        "loc": {
          "start": { "line": 5, "column": 4 },
          "end": { "line": 5, "column": 70 }
        },
        "line": 5
      },
      "1": {
        "name": "(anonymous_1)",
        "decl": {
          "start": { "line": 6, "column": 12 },
          "end": { "line": 6, "column": 13 }
        },
        "loc": {
          "start": { "line": 7, "column": 4 },
          "end": { "line": 7, "column": 69 }
        },
        "line": 7
      },
      "2": {
        "name": "(anonymous_2)",
        "decl": {
          "start": { "line": 8, "column": 19 },
          "end": { "line": 8, "column": 20 }
        },
        "loc": {
          "start": { "line": 9, "column": 4 },
          "end": { "line": 9, "column": 74 }
        },
        "line": 9
      },
      "3": {
        "name": "(anonymous_3)",
        "decl": {
          "start": { "line": 10, "column": 10 },
          "end": { "line": 10, "column": 11 }
        },
        "loc": {
          "start": { "line": 11, "column": 4 },
          "end": { "line": 11, "column": 67 }
        },
        "line": 11
      },
      "4": {
        "name": "(anonymous_4)",
        "decl": {
          "start": { "line": 12, "column": 9 },
          "end": { "line": 12, "column": 10 }
        },
        "loc": {
          "start": { "line": 12, "column": 17 },
          "end": { "line": 12, "column": 61 }
        },
        "line": 12
      },
      "5": {
        "name": "(anonymous_5)",
        "decl": {
          "start": { "line": 13, "column": 9 },
          "end": { "line": 13, "column": 10 }
        },
        "loc": {
          "start": { "line": 13, "column": 17 },
          "end": { "line": 13, "column": 61 }
        },
        "line": 13
      },
      "6": {
        "name": "(anonymous_6)",
        "decl": {
          "start": { "line": 14, "column": 10 },
          "end": { "line": 14, "column": 11 }
        },
        "loc": {
          "start": { "line": 14, "column": 18 },
          "end": { "line": 14, "column": 63 }
        },
        "line": 14
      },
      "7": {
        "name": "(anonymous_7)",
        "decl": {
          "start": { "line": 15, "column": 9 },
          "end": { "line": 15, "column": 10 }
        },
        "loc": {
          "start": { "line": 15, "column": 17 },
          "end": { "line": 15, "column": 61 }
        },
        "line": 15
      }
    },
    "branchMap": {},
    "s": {
      "0": 1,
      "1": 3,
      "2": 3,
      "3": 3,
      "4": 3,
      "5": 3,
      "6": 3,
      "7": 3,
      "8": 1
    },
    "f": { "0": 3, "1": 3, "2": 3, "3": 3, "4": 3, "5": 3, "6": 3, "7": 1 },
    "b": {},
    "_coverageSchema": "43e27e138ebf9cfc5966b082cf9a028302ed4184",
    "hash": "94c204117ae2cb0c240378fdef60f04b64f3ab08"
  },
  "/Users/msimmer/code/tc/b-ber/packages/b-ber-templates/src/figures/web.js": {
    "path": "/Users/msimmer/code/tc/b-ber/packages/b-ber-templates/src/figures/web.js",
    "statementMap": {
      "0": {
        "start": { "line": 3, "column": 12 },
        "end": { "line": 12, "column": 1 }
      },
      "1": {
        "start": { "line": 4, "column": 20 },
        "end": { "line": 4, "column": 59 }
      },
      "2": {
        "start": { "line": 5, "column": 21 },
        "end": { "line": 5, "column": 61 }
      },
      "3": {
        "start": { "line": 6, "column": 27 },
        "end": { "line": 6, "column": 71 }
      },
      "4": {
        "start": { "line": 7, "column": 18 },
        "end": { "line": 7, "column": 55 }
      },
      "5": {
        "start": { "line": 8, "column": 17 },
        "end": { "line": 8, "column": 61 }
      },
      "6": {
        "start": { "line": 9, "column": 17 },
        "end": { "line": 9, "column": 61 }
      },
      "7": {
        "start": { "line": 10, "column": 18 },
        "end": { "line": 10, "column": 63 }
      },
      "8": {
        "start": { "line": 11, "column": 17 },
        "end": { "line": 11, "column": 61 }
      }
    },
    "fnMap": {
      "0": {
        "name": "(anonymous_0)",
        "decl": {
          "start": { "line": 4, "column": 12 },
          "end": { "line": 4, "column": 13 }
        },
        "loc": {
          "start": { "line": 4, "column": 20 },
          "end": { "line": 4, "column": 59 }
        },
        "line": 4
      },
      "1": {
        "name": "(anonymous_1)",
        "decl": {
          "start": { "line": 5, "column": 13 },
          "end": { "line": 5, "column": 14 }
        },
        "loc": {
          "start": { "line": 5, "column": 21 },
          "end": { "line": 5, "column": 61 }
        },
        "line": 5
      },
      "2": {
        "name": "(anonymous_2)",
        "decl": {
          "start": { "line": 6, "column": 19 },
          "end": { "line": 6, "column": 20 }
        },
        "loc": {
          "start": { "line": 6, "column": 27 },
          "end": { "line": 6, "column": 71 }
        },
        "line": 6
      },
      "3": {
        "name": "(anonymous_3)",
        "decl": {
          "start": { "line": 7, "column": 10 },
          "end": { "line": 7, "column": 11 }
        },
        "loc": {
          "start": { "line": 7, "column": 18 },
          "end": { "line": 7, "column": 55 }
        },
        "line": 7
      },
      "4": {
        "name": "(anonymous_4)",
        "decl": {
          "start": { "line": 8, "column": 9 },
          "end": { "line": 8, "column": 10 }
        },
        "loc": {
          "start": { "line": 8, "column": 17 },
          "end": { "line": 8, "column": 61 }
        },
        "line": 8
      },
      "5": {
        "name": "(anonymous_5)",
        "decl": {
          "start": { "line": 9, "column": 9 },
          "end": { "line": 9, "column": 10 }
        },
        "loc": {
          "start": { "line": 9, "column": 17 },
          "end": { "line": 9, "column": 61 }
        },
        "line": 9
      },
      "6": {
        "name": "(anonymous_6)",
        "decl": {
          "start": { "line": 10, "column": 10 },
          "end": { "line": 10, "column": 11 }
        },
        "loc": {
          "start": { "line": 10, "column": 18 },
          "end": { "line": 10, "column": 63 }
        },
        "line": 10
      },
      "7": {
        "name": "(anonymous_7)",
        "decl": {
          "start": { "line": 11, "column": 9 },
          "end": { "line": 11, "column": 10 }
        },
        "loc": {
          "start": { "line": 11, "column": 17 },
          "end": { "line": 11, "column": 61 }
        },
        "line": 11
      }
    },
    "branchMap": {},
    "s": {
      "0": 1,
      "1": 3,
      "2": 3,
      "3": 3,
      "4": 3,
      "5": 3,
      "6": 3,
      "7": 3,
      "8": 1
    },
    "f": { "0": 3, "1": 3, "2": 3, "3": 3, "4": 3, "5": 3, "6": 3, "7": 1 },
    "b": {},
    "_coverageSchema": "43e27e138ebf9cfc5966b082cf9a028302ed4184",
    "hash": "b84982f6af011e184a10b3459fe679453847dd33"
  }
}
