TN:
SF:src/Project/index.js
FN:9,(anonymous_0)
FN:21,(anonymous_1)
FN:25,(anonymous_2)
FN:29,(anonymous_3)
FN:37,(anonymous_4)
FN:45,(anonymous_5)
FN:56,(anonymous_6)
FN:74,(anonymous_7)
FN:118,(anonymous_8)
FN:122,(anonymous_9)
FN:133,(anonymous_10)
FNF:11
FNH:6
FNDA:1,(anonymous_0)
FNDA:3,(anonymous_1)
FNDA:3,(anonymous_2)
FNDA:1,(anonymous_3)
FNDA:1,(anonymous_4)
FNDA:1,(anonymous_5)
FNDA:0,(anonymous_6)
FNDA:0,(anonymous_7)
FNDA:0,(anonymous_8)
FNDA:0,(anonymous_9)
FNDA:0,(anonymous_10)
DA:10,1
DA:22,3
DA:26,3
DA:30,1
DA:38,1
DA:46,1
DA:57,0
DA:75,0
DA:119,0
DA:123,0
DA:134,0
LF:11
LH:6
BRDA:29,0,0,1
BRF:1
BRH:1
end_of_record
TN:
SF:src/Project/metadata.yml.js
FNF:0
FNH:0
DA:1,1
LF:1
LH:1
BRF:0
BRH:0
end_of_record
TN:
SF:src/Project/toc.yml.js
FNF:0
FNH:0
DA:1,1
LF:1
LH:1
BRF:0
BRH:0
end_of_record
TN:
SF:src/Toc/index.js
FN:6,(anonymous_0)
FN:14,(anonymous_1)
FN:19,(anonymous_2)
FN:22,(anonymous_3)
FNF:4
FNH:4
FNDA:1,(anonymous_0)
FNDA:4,(anonymous_1)
FNDA:2,(anonymous_2)
FNDA:3,(anonymous_3)
DA:7,1
DA:15,4
DA:16,4
DA:20,2
DA:23,3
DA:25,2
LF:6
LH:6
BRDA:23,0,0,1
BRDA:23,0,1,2
BRDA:28,1,0,1
BRDA:28,1,1,1
BRDA:28,2,0,2
BRDA:28,2,1,1
BRF:6
BRH:6
end_of_record
TN:
SF:src/Xhtml/index.js
FN:5,(anonymous_0)
FN:29,(anonymous_1)
FN:33,(anonymous_2)
FN:37,(anonymous_3)
FN:47,(anonymous_4)
FN:57,(anonymous_5)
FN:71,(anonymous_6)
FN:79,(anonymous_7)
FNF:8
FNH:7
FNDA:2,(anonymous_0)
FNDA:1,(anonymous_1)
FNDA:1,(anonymous_2)
FNDA:1,(anonymous_3)
FNDA:2,(anonymous_4)
FNDA:2,(anonymous_5)
FNDA:0,(anonymous_6)
FNDA:1,(anonymous_7)
DA:9,2
DA:10,2
DA:12,2
DA:30,1
DA:34,1
DA:38,1
DA:48,2
DA:58,2
DA:72,0
DA:80,1
LF:10
LH:9
BRDA:9,0,0,1
BRDA:9,0,1,1
BRDA:47,1,0,1
BRDA:48,2,0,1
BRDA:48,2,1,1
BRDA:57,3,0,1
BRDA:58,4,0,1
BRDA:58,4,1,1
BRF:8
BRH:8
end_of_record
TN:
SF:src/Xml/index.js
FN:2,(anonymous_0)
FN:11,(anonymous_1)
FNF:2
FNH:2
FNDA:1,(anonymous_0)
FNDA:1,(anonymous_1)
DA:3,1
DA:12,1
LF:2
LH:2
BRF:0
BRH:0
end_of_record
TN:
SF:src/figures/epub.js
FN:4,(anonymous_0)
FN:5,(anonymous_1)
FN:6,(anonymous_2)
FN:7,(anonymous_3)
FN:8,(anonymous_4)
FN:9,(anonymous_5)
FN:10,(anonymous_6)
FN:11,(anonymous_7)
FNF:8
FNH:7
FNDA:3,(anonymous_0)
FNDA:3,(anonymous_1)
FNDA:3,(anonymous_2)
FNDA:3,(anonymous_3)
FNDA:3,(anonymous_4)
FNDA:3,(anonymous_5)
FNDA:3,(anonymous_6)
FNDA:0,(anonymous_7)
DA:3,1
DA:4,3
DA:5,3
DA:6,3
DA:7,3
DA:8,3
DA:9,3
DA:10,3
DA:11,0
LF:9
LH:8
BRF:0
BRH:0
end_of_record
TN:
SF:src/figures/helpers.js
FN:8,(anonymous_0)
FN:10,(anonymous_1)
FN:23,(anonymous_2)
FN:36,(anonymous_3)
FN:39,(anonymous_4)
FN:45,(anonymous_5)
FN:65,(anonymous_6)
FN:91,(anonymous_7)
FN:112,(anonymous_8)
FN:152,(anonymous_9)
FN:194,(anonymous_10)
FN:251,(anonymous_11)
FN:265,(anonymous_12)
FNF:13
FNH:13
FNDA:114,(anonymous_0)
FNDA:54,(anonymous_1)
FNDA:24,(anonymous_2)
FNDA:89,(anonymous_3)
FNDA:54,(anonymous_4)
FNDA:42,(anonymous_5)
FNDA:12,(anonymous_6)
FNDA:54,(anonymous_7)
FNDA:24,(anonymous_8)
FNDA:9,(anonymous_9)
FNDA:2,(anonymous_10)
FNDA:48,(anonymous_11)
FNDA:6,(anonymous_12)
DA:6,4
DA:8,114
DA:10,4
DA:11,54
DA:23,4
DA:24,24
DA:36,4
DA:37,89
DA:39,4
DA:40,54
DA:45,4
DA:46,42
DA:65,4
DA:66,12
DA:91,4
DA:92,54
DA:112,4
DA:113,24
DA:152,4
DA:153,9
DA:194,4
DA:195,2
DA:251,4
DA:257,48
DA:265,4
DA:270,6
DA:271,6
DA:272,6
DA:274,6
LF:29
LH:29
BRDA:8,0,0,0
BRDA:11,1,0,36
BRDA:11,1,1,18
BRDA:11,2,0,54
BRDA:11,2,1,18
BRDA:24,3,0,24
BRDA:24,3,1,0
BRDA:24,4,0,24
BRDA:24,4,1,8
BRDA:37,5,0,60
BRDA:37,5,1,29
BRDA:40,6,0,0
BRDA:40,6,1,54
BRDA:56,7,0,28
BRDA:56,7,1,14
BRDA:58,8,0,28
BRDA:58,8,1,14
BRDA:84,9,0,4
BRDA:84,9,1,8
BRDA:84,10,0,12
BRDA:84,10,1,12
BRDA:88,11,0,8
BRDA:88,11,1,4
BRDA:108,12,0,42
BRDA:108,12,1,12
BRDA:110,13,0,36
BRDA:110,13,1,18
BRDA:148,14,0,24
BRDA:148,14,1,0
BRDA:150,15,0,16
BRDA:150,15,1,8
BRDA:190,16,0,9
BRDA:190,16,1,0
BRDA:192,17,0,6
BRDA:192,17,1,3
BRDA:230,18,0,2
BRDA:230,18,1,0
BRDA:230,19,0,2
BRDA:230,19,1,2
BRDA:238,20,0,0
BRDA:238,20,1,2
BRDA:238,21,0,2
BRDA:238,21,1,2
BRDA:247,22,0,2
BRDA:247,22,1,0
BRDA:249,23,0,2
BRDA:249,23,1,0
BRDA:254,24,0,36
BRDA:255,25,0,36
BRDA:267,26,0,0
BRDA:268,27,0,6
BRF:51
BRH:41
end_of_record
TN:
SF:src/figures/mobi.js
FN:4,(anonymous_0)
FN:5,(anonymous_1)
FN:7,(anonymous_2)
FN:9,(anonymous_3)
FN:10,(anonymous_4)
FN:11,(anonymous_5)
FN:12,(anonymous_6)
FN:13,(anonymous_7)
FNF:8
FNH:8
FNDA:3,(anonymous_0)
FNDA:3,(anonymous_1)
FNDA:3,(anonymous_2)
FNDA:3,(anonymous_3)
FNDA:3,(anonymous_4)
FNDA:3,(anonymous_5)
FNDA:3,(anonymous_6)
FNDA:3,(anonymous_7)
DA:3,1
DA:4,3
DA:6,3
DA:8,3
DA:9,3
DA:10,3
DA:11,3
DA:12,3
DA:13,3
LF:9
LH:9
BRF:0
BRH:0
end_of_record
TN:
SF:src/figures/reader.js
FN:4,(anonymous_0)
FN:6,(anonymous_1)
FN:8,(anonymous_2)
FN:10,(anonymous_3)
FN:12,(anonymous_4)
FN:13,(anonymous_5)
FN:14,(anonymous_6)
FN:15,(anonymous_7)
FNF:8
FNH:8
FNDA:3,(anonymous_0)
FNDA:3,(anonymous_1)
FNDA:3,(anonymous_2)
FNDA:3,(anonymous_3)
FNDA:3,(anonymous_4)
FNDA:3,(anonymous_5)
FNDA:3,(anonymous_6)
FNDA:1,(anonymous_7)
DA:3,1
DA:5,3
DA:7,3
DA:9,3
DA:11,3
DA:12,3
DA:13,3
DA:14,3
DA:15,1
LF:9
LH:9
BRF:0
BRH:0
end_of_record
TN:
SF:src/figures/web.js
FN:4,(anonymous_0)
FN:5,(anonymous_1)
FN:6,(anonymous_2)
FN:7,(anonymous_3)
FN:8,(anonymous_4)
FN:9,(anonymous_5)
FN:10,(anonymous_6)
FN:11,(anonymous_7)
FNF:8
FNH:8
FNDA:3,(anonymous_0)
FNDA:3,(anonymous_1)
FNDA:3,(anonymous_2)
FNDA:3,(anonymous_3)
FNDA:3,(anonymous_4)
FNDA:3,(anonymous_5)
FNDA:3,(anonymous_6)
FNDA:1,(anonymous_7)
DA:3,1
DA:4,3
DA:5,3
DA:6,3
DA:7,3
DA:8,3
DA:9,3
DA:10,3
DA:11,1
LF:9
LH:9
BRF:0
BRH:0
end_of_record
