TN:
SF:/Users/maxwellsimmer/Sites/local.ccc/bber/b-ber-creator/src/bber-lib/async.jsx
FN:33,_callee$
FN:44,_callee3$
FN:49,(anonymous_7)
FN:49,_callee2
FN:49,_callee2$
FN:16,delayedPromise
FN:17,(anonymous_15)
FN:18,(anonymous_16)
FN:21,(anonymous_17)
FNF:9
FNH:8
FNDA:10,_callee$
FNDA:4,_callee3$
FNDA:6,(anonymous_7)
FNDA:4,_callee2
FNDA:8,_callee2$
FNDA:4,delayedPromise
FNDA:4,(anonymous_15)
FNDA:4,(anonymous_16)
FNDA:0,(anonymous_17)
DA:6,1
DA:7,1
DA:8,1
DA:17,4
DA:18,4
DA:19,4
DA:22,0
DA:23,0
DA:33,96
DA:34,4
DA:44,18
DA:45,2
DA:46,2
DA:47,2
DA:49,32
DA:50,4
DA:51,4
DA:53,4
DA:54,4
DA:56,2
LF:20
LH:18
BRDA:33,0,0,2
BRDA:33,0,1,6
BRDA:33,0,2,4
BRDA:33,0,3,2
BRDA:33,0,4,0
BRDA:33,0,5,2
BRDA:33,0,6,2
BRDA:33,0,7,2
BRDA:33,0,8,2
BRDA:33,0,9,2
BRDA:33,0,10,2
BRDA:33,1,0,6
BRDA:33,1,1,6
BRDA:44,2,0,2
BRDA:44,2,1,2
BRDA:44,2,2,2
BRDA:44,2,3,2
BRDA:49,3,0,4
BRDA:49,3,1,4
BRDA:49,3,2,4
BRDA:49,3,3,4
BRDA:50,4,0,4
BRDA:50,4,1,4
BRDA:22,5,0,0
BRDA:22,5,1,0
BRF:25
BRH:22
end_of_record
TN:
SF:/Users/maxwellsimmer/Sites/local.ccc/bber/b-ber-creator/src/bber-lib/config.jsx
FN:23,Configuration
FNF:1
FNH:1
FNDA:24,Configuration
DA:9,1
DA:10,1
DA:11,1
DA:13,1
DA:23,24
DA:24,24
DA:25,24
DA:33,24
DA:41,24
DA:49,24
DA:57,408
DA:65,24
DA:81,24
DA:88,24
DA:89,24
DA:90,24
DA:93,0
DA:96,24
DA:97,24
DA:98,24
DA:99,24
DA:100,24
DA:103,0
DA:112,24
DA:113,24
DA:114,24
DA:115,8
DA:118,16
DA:128,120
DA:129,120
DA:130,120
DA:131,120
DA:132,11
DA:135,109
DA:137,11
LF:35
LH:33
BRDA:89,0,0,24
BRDA:89,0,1,0
BRDA:97,1,0,24
BRDA:97,1,1,0
BRDA:114,2,0,8
BRDA:114,2,1,0
BRDA:131,3,0,11
BRDA:131,3,1,0
BRF:8
BRH:4
end_of_record
TN:
SF:/Users/maxwellsimmer/Sites/local.ccc/bber/b-ber-creator/src/bber-lib/loader.jsx
FN:16,loader
FNF:1
FNH:1
FNDA:24,loader
DA:6,1
DA:7,1
DA:9,1
DA:16,24
DA:17,24
DA:18,24
DA:19,24
DA:20,24
DA:21,24
DA:22,24
DA:23,24
LF:11
LH:11
BRDA:23,0,0,24
BRDA:23,0,1,0
BRDA:23,1,0,24
BRDA:23,1,1,24
BRF:4
BRH:3
end_of_record
TN:
SF:/Users/maxwellsimmer/Sites/local.ccc/bber/b-ber-creator/src/bber-lib/props.jsx
FNF:0
FNH:0
DA:2,1
DA:3,1
DA:4,1
DA:17,54
DA:27,18
DA:38,18
DA:39,13
DA:40,13
DA:41,13
DA:50,18
DA:51,13
DA:52,13
DA:53,13
DA:62,3
DA:72,3
DA:83,17
DA:84,17
DA:85,17
DA:86,17
DA:87,17
DA:96,3
LF:21
LH:21
BRDA:17,0,0,54
BRDA:17,0,1,54
BRDA:27,1,0,18
BRDA:27,1,1,18
BRDA:27,1,2,13
BRDA:38,2,0,5
BRDA:38,2,1,13
BRDA:50,3,0,5
BRDA:50,3,1,13
BRDA:62,4,0,3
BRDA:62,4,1,3
BRDA:72,5,0,3
BRDA:72,5,1,3
BRDA:84,6,0,3
BRDA:84,6,1,14
BRDA:85,7,0,0
BRDA:85,7,1,17
BRDA:86,8,0,0
BRDA:86,8,1,17
BRF:19
BRH:17
end_of_record
TN:
SF:/Users/maxwellsimmer/Sites/local.ccc/bber/b-ber-creator/src/bber-lib/serve.jsx
FN:8,Server
FN:13,(anonymous_4)
FN:17,(anonymous_5)
FN:22,(anonymous_6)
FN:25,(anonymous_7)
FNF:5
FNH:0
FNDA:0,Server
FNDA:0,(anonymous_4)
FNDA:0,(anonymous_5)
FNDA:0,(anonymous_6)
FNDA:0,(anonymous_7)
DA:2,1
DA:3,1
DA:4,1
DA:5,1
DA:8,0
DA:9,0
DA:12,0
DA:13,0
DA:14,0
DA:18,0
DA:19,0
DA:20,0
DA:22,0
DA:23,0
DA:25,0
DA:26,0
LF:16
LH:4
BRDA:9,0,0,0
BRDA:9,0,1,0
BRF:2
BRH:0
end_of_record
TN:
SF:/Users/maxwellsimmer/Sites/local.ccc/bber/b-ber-creator/src/bber-lib/theme.jsx
FN:11,theme
FN:12,(anonymous_2)
FN:21,(anonymous_3)
FN:24,(anonymous_4)
FN:43,(anonymous_5)
FNF:5
FNH:0
FNDA:0,theme
FNDA:0,(anonymous_2)
FNDA:0,(anonymous_3)
FNDA:0,(anonymous_4)
FNDA:0,(anonymous_5)
DA:2,1
DA:3,1
DA:4,1
DA:5,1
DA:6,1
DA:8,1
DA:9,1
DA:11,1
DA:13,0
DA:14,0
DA:16,0
DA:17,0
DA:20,0
DA:21,0
DA:22,0
DA:23,0
DA:24,0
DA:25,0
DA:26,0
DA:30,0
DA:31,0
DA:32,0
DA:34,0
DA:35,0
DA:37,0
DA:40,0
DA:41,0
DA:42,0
DA:43,0
DA:44,0
DA:46,0
DA:47,0
DA:51,0
LF:33
LH:8
BRDA:20,0,0,0
BRDA:20,0,1,0
BRDA:22,1,0,0
BRDA:22,1,1,0
BRDA:23,2,0,0
BRDA:23,2,1,0
BRDA:30,3,0,0
BRDA:30,3,1,0
BRDA:44,4,0,0
BRDA:44,4,1,0
BRF:10
BRH:0
end_of_record
TN:
SF:/Users/maxwellsimmer/Sites/local.ccc/bber/b-ber-creator/src/bber-lib/store/index.jsx
FN:38,Store
FNF:1
FNH:1
FNDA:1,Store
DA:2,1
DA:9,8
DA:12,6
DA:15,6
DA:18,6
DA:22,29
DA:25,0
DA:28,185
DA:31,170
DA:38,1
DA:39,1
DA:40,1
DA:41,1
DA:42,1
DA:52,37
DA:53,37
DA:54,37
DA:55,1
DA:58,36
DA:59,0
DA:62,36
DA:71,18
DA:72,10
DA:74,9
DA:75,6
DA:76,6
DA:79,3
DA:80,3
DA:81,3
DA:84,0
DA:93,4
DA:94,2
DA:96,2
DA:97,1
DA:98,1
DA:99,1
DA:100,1
DA:101,1
DA:104,1
DA:107,0
DA:108,0
DA:111,1
DA:112,1
DA:113,1
DA:116,0
DA:125,50
DA:127,25
DA:128,25
DA:129,25
DA:139,37
DA:140,37
DA:148,5
DA:149,5
DA:150,5
DA:151,5
DA:152,5
DA:156,1
LF:57
LH:51
BRDA:54,0,0,1
BRDA:54,0,1,36
BRDA:58,1,0,0
BRDA:58,1,1,36
BRDA:74,2,0,6
BRDA:74,2,1,3
BRDA:79,3,0,3
BRDA:79,3,1,0
BRDA:96,4,0,1
BRDA:96,4,1,1
BRDA:100,5,0,1
BRDA:100,5,1,0
BRDA:111,6,0,1
BRDA:111,6,1,0
BRF:14
BRH:10
end_of_record
TN:
SF:/Users/maxwellsimmer/Sites/local.ccc/bber/b-ber-creator/src/bber-modifiers/inject.jsx
FN:15,initialize
FN:42,getDirContents
FN:43,(anonymous_3)
FN:44,(anonymous_4)
FN:55,getContents
FN:55,(anonymous_6)
FN:56,(anonymous_7)
FN:68,templateify
FN:69,(anonymous_9)
FN:85,getLeadingWhitespace
FN:93,matchIterator
FN:93,matchIterator$
FN:100,injectTags
FN:128,write
FN:129,(anonymous_15)
FN:130,(anonymous_16)
FN:136,promiseToReplace
FN:137,(anonymous_18)
FN:137,_callee
FN:137,_callee$
FN:154,mapSources
FN:155,(anonymous_23)
FN:156,(anonymous_24)
FN:158,(anonymous_25)
FN:159,(anonymous_26)
FN:162,(anonymous_27)
FN:167,inject
FN:168,(anonymous_29)
FN:168,_callee2
FN:168,_callee2$
FN:174,(anonymous_32)
FNF:31
FNH:0
FNDA:0,initialize
FNDA:0,getDirContents
FNDA:0,(anonymous_3)
FNDA:0,(anonymous_4)
FNDA:0,getContents
FNDA:0,(anonymous_6)
FNDA:0,(anonymous_7)
FNDA:0,templateify
FNDA:0,(anonymous_9)
FNDA:0,getLeadingWhitespace
FNDA:0,matchIterator
FNDA:0,matchIterator$
FNDA:0,injectTags
FNDA:0,write
FNDA:0,(anonymous_15)
FNDA:0,(anonymous_16)
FNDA:0,promiseToReplace
FNDA:0,(anonymous_18)
FNDA:0,_callee
FNDA:0,_callee$
FNDA:0,mapSources
FNDA:0,(anonymous_23)
FNDA:0,(anonymous_24)
FNDA:0,(anonymous_25)
FNDA:0,(anonymous_26)
FNDA:0,(anonymous_27)
FNDA:0,inject
FNDA:0,(anonymous_29)
FNDA:0,_callee2
FNDA:0,_callee2$
FNDA:0,(anonymous_32)
DA:6,1
DA:7,1
DA:8,1
DA:10,1
DA:11,1
DA:12,1
DA:14,1
DA:15,1
DA:16,0
DA:23,1
DA:32,1
DA:42,1
DA:43,0
DA:45,0
DA:46,0
DA:47,0
DA:55,1
DA:57,0
DA:58,0
DA:68,1
DA:70,0
DA:72,0
DA:74,0
DA:76,0
DA:85,1
DA:93,0
DA:94,0
DA:100,1
DA:101,0
DA:102,0
DA:103,0
DA:104,0
DA:106,0
DA:107,0
DA:108,0
DA:110,0
DA:112,0
DA:113,0
DA:115,0
DA:116,0
DA:118,0
DA:125,0
DA:128,1
DA:129,0
DA:131,0
DA:132,0
DA:136,1
DA:137,0
DA:138,0
DA:139,0
DA:140,0
DA:141,0
DA:151,0
DA:154,1
DA:156,0
DA:158,0
DA:159,0
DA:162,0
DA:167,1
DA:168,0
DA:170,0
DA:171,0
DA:172,0
DA:173,0
DA:174,0
LF:65
LH:19
BRDA:45,0,0,0
BRDA:45,0,1,0
BRDA:46,1,0,0
BRDA:46,1,1,0
BRDA:57,2,0,0
BRDA:57,2,1,0
BRDA:71,3,0,0
BRDA:71,3,1,0
BRDA:71,3,2,0
BRDA:93,4,0,0
BRDA:93,4,1,0
BRDA:93,4,2,0
BRDA:93,4,3,0
BRDA:93,4,4,0
BRDA:93,5,0,0
BRDA:93,5,1,0
BRDA:110,6,0,0
BRDA:110,6,1,0
BRDA:100,7,0,0
BRDA:100,7,1,0
BRDA:131,8,0,0
BRDA:131,8,1,0
BRDA:137,9,0,0
BRDA:137,9,1,0
BRDA:137,9,2,0
BRDA:137,9,3,0
BRDA:137,9,4,0
BRDA:137,10,0,0
BRDA:137,10,1,0
BRDA:168,11,0,0
BRDA:168,11,1,0
BRDA:168,11,2,0
BRDA:168,11,3,0
BRDA:168,11,4,0
BRDA:168,11,5,0
BRDA:168,11,6,0
BRF:36
BRH:0
end_of_record
TN:
SF:/Users/maxwellsimmer/Sites/local.ccc/bber/b-ber-creator/src/bber-modifiers/parser.jsx
FN:14,Parser
FN:42,entries
FN:42,entries$
FN:116,(anonymous_11)
FN:117,onopentag
FN:117,ontext
FN:117,onclosetag
FN:117,onend
FNF:8
FNH:1
FNDA:1,Parser
FNDA:0,entries
FNDA:0,entries$
FNDA:0,(anonymous_11)
FNDA:0,onopentag
FNDA:0,ontext
FNDA:0,onclosetag
FNDA:0,onend
DA:2,1
DA:14,1
DA:15,1
DA:30,1
DA:34,1
DA:35,1
DA:36,1
DA:37,1
DA:38,1
DA:39,1
DA:42,1
DA:43,0
DA:54,0
DA:55,0
DA:56,0
DA:57,0
DA:68,0
DA:69,0
DA:71,0
DA:73,0
DA:81,0
DA:82,0
DA:90,0
DA:91,0
DA:100,0
DA:101,0
DA:112,0
DA:113,0
DA:114,0
DA:115,0
DA:116,0
DA:117,0
DA:119,0
DA:120,0
DA:127,0
DA:128,0
DA:130,0
DA:131,0
DA:133,0
DA:137,0
DA:138,0
DA:139,0
DA:140,0
DA:141,0
DA:142,0
DA:143,0
DA:147,0
DA:148,0
DA:151,0
DA:152,0
DA:155,0
DA:156,0
DA:157,0
DA:158,0
DA:159,0
DA:160,0
DA:161,0
DA:164,0
DA:165,0
DA:169,0
DA:170,0
DA:171,0
DA:175,0
DA:176,0
DA:179,0
DA:183,0
DA:184,0
DA:186,0
LF:68
LH:11
BRDA:30,0,0,0
BRDA:30,0,1,1
BRDA:30,1,0,1
BRDA:30,1,1,0
BRDA:42,2,0,0
BRDA:42,2,1,0
BRDA:42,2,2,0
BRDA:42,2,3,0
BRDA:42,2,4,0
BRDA:42,2,5,0
BRDA:42,2,6,0
BRDA:42,2,7,0
BRDA:42,2,8,0
BRDA:42,2,9,0
BRDA:42,2,10,0
BRDA:42,3,0,0
BRDA:42,3,1,0
BRDA:68,4,0,0
BRDA:68,4,1,0
BRDA:115,5,0,0
BRDA:115,5,1,0
BRDA:121,6,0,0
BRDA:121,6,1,0
BRDA:121,6,2,0
BRDA:121,6,3,0
BRDA:121,6,4,0
BRDA:121,6,5,0
BRDA:121,6,6,0
BRDA:121,6,7,0
BRDA:121,6,8,0
BRDA:121,6,9,0
BRDA:121,6,10,0
BRDA:130,7,0,0
BRDA:130,7,1,0
BRDA:130,8,0,0
BRDA:130,8,1,0
BRDA:138,9,0,0
BRDA:138,9,1,0
BRDA:138,10,0,0
BRDA:138,10,1,0
BRDA:141,11,0,0
BRDA:141,11,1,0
BRDA:155,12,0,0
BRDA:155,12,1,0
BRDA:158,13,0,0
BRDA:158,13,1,0
BRDA:158,14,0,0
BRDA:158,14,1,0
BRDA:160,15,0,0
BRDA:160,15,1,0
BRDA:158,16,0,0
BRDA:158,16,1,0
BRDA:170,17,0,0
BRDA:170,17,1,0
BRDA:170,18,0,0
BRDA:170,18,1,0
BRDA:176,19,0,0
BRDA:176,19,1,0
BRF:58
BRH:2
end_of_record
TN:
SF:/Users/maxwellsimmer/Sites/local.ccc/bber/b-ber-creator/src/bber-modifiers/printer.jsx
FN:11,Printer
FN:73,(anonymous_6)
FN:74,onopentag
FN:74,ontext
FN:74,onclosetag
FN:74,onend
FNF:6
FNH:0
FNDA:0,Printer
FNDA:0,(anonymous_6)
FNDA:0,onopentag
FNDA:0,ontext
FNDA:0,onclosetag
FNDA:0,onend
DA:2,1
DA:3,1
DA:4,1
DA:11,0
DA:13,0
DA:17,0
DA:29,0
DA:30,0
DA:32,0
DA:35,0
DA:36,0
DA:38,0
DA:40,0
DA:43,0
DA:44,0
DA:45,0
DA:46,0
DA:48,0
DA:50,0
DA:55,0
DA:56,0
DA:58,0
DA:59,0
DA:71,0
DA:72,0
DA:73,0
DA:74,0
DA:75,0
DA:76,0
DA:78,0
DA:80,0
DA:81,0
DA:82,0
DA:83,0
DA:84,0
DA:86,0
DA:88,0
DA:91,0
DA:94,0
DA:95,0
DA:96,0
DA:99,0
DA:103,0
DA:104,0
DA:105,0
LF:45
LH:3
BRDA:11,0,0,0
BRDA:11,0,1,0
BRDA:33,1,0,0
BRDA:33,1,1,0
BRDA:33,1,2,0
BRDA:33,1,3,0
BRDA:33,1,4,0
BRDA:33,1,5,0
BRDA:33,1,6,0
BRDA:33,1,7,0
BRDA:33,1,8,0
BRDA:35,2,0,0
BRDA:35,2,1,0
BRDA:43,3,0,0
BRDA:43,3,1,0
BRDA:43,4,0,0
BRDA:43,4,1,0
BRDA:45,5,0,0
BRDA:45,5,1,0
BRDA:45,6,0,0
BRDA:45,6,1,0
BRDA:78,7,0,0
BRDA:78,7,1,0
BRDA:83,8,0,0
BRDA:83,8,1,0
BRDA:83,9,0,0
BRDA:83,9,1,0
BRDA:83,9,2,0
BRDA:83,9,3,0
BRDA:75,10,0,0
BRDA:75,10,1,0
BRDA:95,11,0,0
BRDA:95,11,1,0
BRF:33
BRH:0
end_of_record
TN:
SF:/Users/maxwellsimmer/Sites/local.ccc/bber/b-ber-creator/src/bber-modifiers/sass.jsx
FN:20,_callee$
FN:90,_callee3$
FN:92,(anonymous_7)
FN:93,(anonymous_8)
FN:98,(anonymous_9)
FN:99,(anonymous_10)
FN:42,stylesheet
FN:43,(anonymous_14)
FN:47,(anonymous_15)
FN:60,(anonymous_16)
FN:74,sassOptions
FN:75,(anonymous_18)
FN:75,_callee2
FN:75,_callee2$
FN:82,createdir
FN:83,(anonymous_23)
FN:84,(anonymous_24)
FNF:17
FNH:0
FNDA:0,_callee$
FNDA:0,_callee3$
FNDA:0,(anonymous_7)
FNDA:0,(anonymous_8)
FNDA:0,(anonymous_9)
FNDA:0,(anonymous_10)
FNDA:0,stylesheet
FNDA:0,(anonymous_14)
FNDA:0,(anonymous_15)
FNDA:0,(anonymous_16)
FNDA:0,sassOptions
FNDA:0,(anonymous_18)
FNDA:0,_callee2
FNDA:0,_callee2$
FNDA:0,createdir
FNDA:0,(anonymous_23)
FNDA:0,(anonymous_24)
DA:9,1
DA:10,1
DA:11,1
DA:12,1
DA:13,1
DA:14,1
DA:15,1
DA:17,1
DA:18,1
DA:20,0
DA:23,0
DA:24,0
DA:26,0
DA:27,0
DA:29,0
DA:30,0
DA:31,0
DA:32,0
DA:33,0
DA:35,0
DA:36,0
DA:42,1
DA:44,0
DA:45,0
DA:46,0
DA:47,0
DA:48,0
DA:49,0
DA:50,0
DA:54,0
DA:57,0
DA:58,0
DA:59,0
DA:60,0
DA:61,0
DA:62,0
DA:63,0
DA:67,0
DA:68,0
DA:71,0
DA:74,1
DA:75,0
DA:76,0
DA:78,0
DA:82,1
DA:83,0
DA:85,0
DA:86,0
DA:90,0
DA:93,0
DA:94,0
DA:95,0
DA:96,0
DA:98,0
DA:100,0
DA:101,0
LF:56
LH:12
BRDA:20,0,0,0
BRDA:20,0,1,0
BRDA:20,0,2,0
BRDA:20,0,3,0
BRDA:20,0,4,0
BRDA:30,1,0,0
BRDA:30,1,1,0
BRDA:90,2,0,0
BRDA:90,2,1,0
BRDA:90,2,2,0
BRDA:90,2,3,0
BRDA:94,3,0,0
BRDA:94,3,1,0
BRDA:95,4,0,0
BRDA:95,4,1,0
BRDA:100,5,0,0
BRDA:100,5,1,0
BRDA:46,6,0,0
BRDA:46,6,1,0
BRDA:48,7,0,0
BRDA:48,7,1,0
BRDA:59,8,0,0
BRDA:59,8,1,0
BRDA:61,9,0,0
BRDA:61,9,1,0
BRDA:75,10,0,0
BRDA:75,10,1,0
BRDA:75,10,2,0
BRDA:75,10,3,0
BRDA:75,10,4,0
BRDA:75,11,0,0
BRDA:75,11,1,0
BRDA:85,12,0,0
BRDA:85,12,1,0
BRF:34
BRH:0
end_of_record
TN:
SF:/Users/maxwellsimmer/Sites/local.ccc/bber/b-ber-creator/src/bber-modifiers/scripts.jsx
FN:10,initialize
FN:15,write
FN:16,(anonymous_3)
FN:17,(anonymous_4)
FN:20,(anonymous_5)
FN:29,scripts
FN:30,(anonymous_7)
FN:30,_callee
FN:30,_callee$
FN:32,(anonymous_10)
FNF:10
FNH:0
FNDA:0,initialize
FNDA:0,write
FNDA:0,(anonymous_3)
FNDA:0,(anonymous_4)
FNDA:0,(anonymous_5)
FNDA:0,scripts
FNDA:0,(anonymous_7)
FNDA:0,_callee
FNDA:0,_callee$
FNDA:0,(anonymous_10)
DA:2,1
DA:3,1
DA:4,1
DA:5,1
DA:7,1
DA:8,1
DA:10,1
DA:11,0
DA:12,0
DA:15,1
DA:16,0
DA:18,0
DA:19,0
DA:20,0
DA:21,0
DA:22,0
DA:23,0
DA:29,1
DA:30,0
DA:32,0
DA:33,0
DA:34,0
LF:22
LH:9
BRDA:18,0,0,0
BRDA:18,0,1,0
BRDA:22,1,0,0
BRDA:22,1,1,0
BRDA:30,2,0,0
BRDA:30,2,1,0
BRDA:30,2,2,0
BRDA:30,2,3,0
BRDA:33,3,0,0
BRDA:33,3,1,0
BRF:10
BRH:0
end_of_record
TN:
SF:/Users/maxwellsimmer/Sites/local.ccc/bber/b-ber-creator/src/bber-output/clean.jsx
FN:15,clean
FN:16,(anonymous_2)
FN:27,(anonymous_3)
FNF:3
FNH:3
FNDA:2,clean
FNDA:2,(anonymous_2)
FNDA:1,(anonymous_3)
DA:6,1
DA:7,1
DA:8,1
DA:15,2
DA:17,2
DA:18,2
DA:19,1
DA:20,1
DA:22,1
DA:23,1
DA:27,1
DA:28,1
DA:29,1
LF:13
LH:13
BRDA:18,0,0,1
BRDA:18,0,1,1
BRDA:28,1,0,0
BRDA:28,1,1,1
BRF:4
BRH:3
end_of_record
TN:
SF:/Users/maxwellsimmer/Sites/local.ccc/bber/b-ber-creator/src/bber-output/copy.jsx
FN:18,copy
FN:19,(anonymous_2)
FN:22,renameFn
FN:29,renameFn
FN:39,(anonymous_5)
FN:42,(anonymous_6)
FNF:6
FNH:0
FNDA:0,copy
FNDA:0,(anonymous_2)
FNDA:0,renameFn
FNDA:0,renameFn
FNDA:0,(anonymous_5)
FNDA:0,(anonymous_6)
DA:6,1
DA:7,1
DA:8,1
DA:10,1
DA:18,1
DA:20,0
DA:21,0
DA:22,0
DA:24,0
DA:25,0
DA:29,0
DA:32,0
DA:33,0
DA:34,0
DA:36,0
DA:39,0
DA:40,0
DA:41,0
DA:42,0
DA:43,0
DA:44,0
LF:21
LH:5
BRDA:24,0,0,0
BRDA:24,0,1,0
BRDA:32,1,0,0
BRDA:32,1,1,0
BRDA:43,2,0,0
BRDA:43,2,1,0
BRDA:44,3,0,0
BRDA:44,3,1,0
BRF:8
BRH:0
end_of_record
TN:
SF:/Users/maxwellsimmer/Sites/local.ccc/bber/b-ber-creator/src/bber-output/create.jsx
FN:22,write
FN:23,(anonymous_2)
FN:24,(anonymous_3)
FN:26,(anonymous_4)
FN:37,makedirs
FN:38,(anonymous_6)
FN:39,(anonymous_7)
FN:40,(anonymous_8)
FN:47,_testParams
FN:67,create
FN:68,(anonymous_11)
FN:81,(anonymous_12)
FNF:12
FNH:0
FNDA:0,write
FNDA:0,(anonymous_2)
FNDA:0,(anonymous_3)
FNDA:0,(anonymous_4)
FNDA:0,makedirs
FNDA:0,(anonymous_6)
FNDA:0,(anonymous_7)
FNDA:0,(anonymous_8)
FNDA:0,_testParams
FNDA:0,create
FNDA:0,(anonymous_11)
FNDA:0,(anonymous_12)
DA:6,1
DA:7,1
DA:8,1
DA:9,1
DA:10,1
DA:12,1
DA:14,1
DA:15,1
DA:16,1
DA:22,1
DA:23,0
DA:25,0
DA:26,0
DA:27,0
DA:28,0
DA:37,1
DA:38,0
DA:39,0
DA:41,0
DA:42,0
DA:47,1
DA:48,0
DA:49,0
DA:50,0
DA:51,0
DA:52,0
DA:55,0
DA:56,0
DA:58,0
DA:67,1
DA:69,0
DA:70,0
DA:72,0
DA:77,0
DA:78,0
DA:79,0
DA:81,0
DA:85,0
LF:38
LH:13
BRDA:25,0,0,0
BRDA:25,0,1,0
BRDA:27,1,0,0
BRDA:27,1,1,0
BRDA:41,2,0,0
BRDA:41,2,1,0
BRDA:42,3,0,0
BRDA:42,3,1,0
BRDA:49,4,0,0
BRDA:49,4,1,0
BRDA:51,5,0,0
BRDA:51,5,1,0
BRDA:51,6,0,0
BRDA:51,6,1,0
BRDA:78,7,0,0
BRDA:78,7,1,0
BRF:16
BRH:0
end_of_record
TN:
SF:/Users/maxwellsimmer/Sites/local.ccc/bber/b-ber-creator/src/bber-output/deploy.jsx
FN:4,deploy
FNF:1
FNH:0
FNDA:0,deploy
DA:2,1
DA:4,1
LF:2
LH:2
BRF:0
BRH:0
end_of_record
TN:
SF:/Users/maxwellsimmer/Sites/local.ccc/bber/b-ber-creator/src/bber-output/epub.jsx
FN:27,epub
FN:28,(anonymous_2)
FNF:2
FNH:0
FNDA:0,epub
FNDA:0,(anonymous_2)
DA:8,1
DA:9,1
DA:10,1
DA:27,1
DA:28,0
DA:29,0
DA:30,0
LF:7
LH:4
BRF:0
BRH:0
end_of_record
TN:
SF:/Users/maxwellsimmer/Sites/local.ccc/bber/b-ber-creator/src/bber-output/generate.jsx
FN:24,Generate
FN:159,(anonymous_4)
FN:166,(anonymous_5)
FN:38,(anonymous_7)
FN:39,(anonymous_8)
FN:41,(anonymous_9)
FN:57,(anonymous_11)
FN:68,(anonymous_13)
FN:88,(anonymous_15)
FN:105,(anonymous_17)
FN:109,(anonymous_18)
FN:122,(anonymous_20)
FN:146,(anonymous_21)
FNF:13
FNH:1
FNDA:1,Generate
FNDA:0,(anonymous_4)
FNDA:0,(anonymous_5)
FNDA:0,(anonymous_7)
FNDA:0,(anonymous_8)
FNDA:0,(anonymous_9)
FNDA:0,(anonymous_11)
FNDA:0,(anonymous_13)
FNDA:0,(anonymous_15)
FNDA:0,(anonymous_17)
FNDA:0,(anonymous_18)
FNDA:0,(anonymous_20)
FNDA:0,(anonymous_21)
DA:8,1
DA:9,1
DA:10,1
DA:11,1
DA:12,1
DA:13,1
DA:14,1
DA:24,1
DA:25,1
DA:26,1
DA:27,1
DA:28,1
DA:29,1
DA:30,1
DA:38,0
DA:40,0
DA:41,0
DA:42,0
DA:43,0
DA:45,0
DA:46,0
DA:57,0
DA:68,0
DA:69,0
DA:70,0
DA:71,0
DA:81,0
DA:82,0
DA:83,0
DA:84,0
DA:86,0
DA:88,0
DA:89,0
DA:90,0
DA:94,0
DA:104,0
DA:105,0
DA:110,0
DA:111,0
DA:121,0
DA:122,0
DA:123,0
DA:124,0
DA:125,0
DA:126,0
DA:127,0
DA:128,0
DA:129,0
DA:130,0
DA:133,0
DA:134,0
DA:137,0
DA:138,0
DA:139,0
DA:140,0
DA:141,0
DA:146,0
DA:147,0
DA:148,0
DA:158,0
DA:159,0
DA:166,0
DA:172,1
LF:63
LH:15
BRDA:40,0,0,0
BRDA:40,0,1,0
BRDA:42,1,0,0
BRDA:42,1,1,0
BRDA:45,2,0,0
BRDA:45,2,1,0
BRDA:84,3,0,0
BRDA:84,3,1,0
BRDA:84,4,0,0
BRDA:84,4,1,0
BRDA:81,5,0,0
BRDA:81,5,1,0
BRDA:110,6,0,0
BRDA:110,6,1,0
BRDA:129,7,0,0
BRDA:129,7,1,0
BRDA:138,8,0,0
BRDA:138,8,1,0
BRDA:147,9,0,0
BRDA:147,9,1,0
BRDA:148,10,0,0
BRDA:148,10,1,0
BRF:22
BRH:0
end_of_record
TN:
SF:/Users/maxwellsimmer/Sites/local.ccc/bber/b-ber-creator/src/bber-output/init.jsx
FN:26,Initialize
FN:116,(anonymous_6)
FN:117,(anonymous_7)
FN:118,(anonymous_8)
FN:119,(anonymous_9)
FN:134,(anonymous_11)
FN:135,(anonymous_12)
FN:136,(anonymous_13)
FN:137,(anonymous_14)
FN:152,(anonymous_16)
FN:154,(anonymous_17)
FN:166,(anonymous_19)
FN:167,(anonymous_20)
FN:181,(anonymous_22)
FN:196,(anonymous_24)
FN:201,(anonymous_25)
FN:215,(anonymous_27)
FN:217,(anonymous_28)
FN:218,(anonymous_29)
FN:219,(anonymous_30)
FN:220,(anonymous_31)
FN:221,(anonymous_32)
FNF:22
FNH:20
FNDA:6,Initialize
FNDA:2,(anonymous_6)
FNDA:14,(anonymous_7)
FNDA:14,(anonymous_8)
FNDA:14,(anonymous_9)
FNDA:2,(anonymous_11)
FNDA:16,(anonymous_12)
FNDA:16,(anonymous_13)
FNDA:16,(anonymous_14)
FNDA:1,(anonymous_16)
FNDA:1,(anonymous_17)
FNDA:2,(anonymous_19)
FNDA:2,(anonymous_20)
FNDA:3,(anonymous_22)
FNDA:3,(anonymous_24)
FNDA:0,(anonymous_25)
FNDA:1,(anonymous_27)
FNDA:1,(anonymous_28)
FNDA:1,(anonymous_29)
FNDA:1,(anonymous_30)
FNDA:1,(anonymous_31)
FNDA:0,(anonymous_32)
DA:2,1
DA:3,1
DA:4,1
DA:5,1
DA:6,1
DA:8,1
DA:15,97
DA:19,0
DA:26,6
DA:27,6
DA:36,6
DA:115,2
DA:116,2
DA:117,14
DA:118,14
DA:120,14
DA:121,14
DA:125,2
DA:133,2
DA:134,2
DA:135,16
DA:136,16
DA:138,16
DA:139,16
DA:143,2
DA:151,1
DA:152,1
DA:153,1
DA:154,1
DA:155,1
DA:156,1
DA:165,2
DA:166,2
DA:168,2
DA:169,2
DA:180,3
DA:181,3
DA:182,3
DA:183,3
DA:191,3
DA:196,3
DA:197,3
DA:198,3
DA:199,3
DA:200,3
DA:201,0
DA:202,0
DA:203,0
DA:206,0
DA:214,1
DA:215,1
DA:217,1
DA:218,1
DA:219,1
DA:220,1
DA:221,0
LF:56
LH:50
BRDA:120,0,0,0
BRDA:120,0,1,14
BRDA:138,1,0,0
BRDA:138,1,1,16
BRDA:155,2,0,0
BRDA:155,2,1,1
BRDA:168,3,0,0
BRDA:168,3,1,2
BRDA:182,4,0,0
BRDA:182,4,1,3
BRDA:198,5,0,3
BRDA:198,5,1,0
BRDA:200,6,0,3
BRDA:200,6,1,0
BRDA:202,7,0,0
BRDA:202,7,1,0
BRF:16
BRH:7
end_of_record
TN:
SF:/Users/maxwellsimmer/Sites/local.ccc/bber/b-ber-creator/src/bber-output/loi.jsx
FN:18,initialize
FN:23,createLOILeader
FN:24,(anonymous_3)
FN:31,(anonymous_4)
FN:43,createLOI
FN:44,(anonymous_6)
FN:45,(anonymous_7)
FN:54,(anonymous_8)
FN:61,loi
FN:62,(anonymous_10)
FN:62,_callee
FN:62,_callee$
FN:67,(anonymous_13)
FNF:13
FNH:0
FNDA:0,initialize
FNDA:0,createLOILeader
FNDA:0,(anonymous_3)
FNDA:0,(anonymous_4)
FNDA:0,createLOI
FNDA:0,(anonymous_6)
FNDA:0,(anonymous_7)
FNDA:0,(anonymous_8)
FNDA:0,loi
FNDA:0,(anonymous_10)
FNDA:0,_callee
FNDA:0,_callee$
FNDA:0,(anonymous_13)
DA:6,1
DA:7,1
DA:8,1
DA:9,1
DA:10,1
DA:11,1
DA:12,1
DA:13,1
DA:14,1
DA:16,1
DA:17,1
DA:18,1
DA:19,0
DA:20,0
DA:23,1
DA:25,0
DA:26,0
DA:31,0
DA:32,0
DA:33,0
DA:39,0
DA:43,1
DA:45,0
DA:48,0
DA:49,0
DA:54,0
DA:55,0
DA:56,0
DA:61,1
DA:62,0
DA:65,0
DA:67,0
DA:70,0
LF:33
LH:15
BRDA:32,0,0,0
BRDA:32,0,1,0
BRDA:55,1,0,0
BRDA:55,1,1,0
BRDA:56,2,0,0
BRDA:56,2,1,0
BRDA:62,3,0,0
BRDA:62,3,1,0
BRDA:62,3,2,0
BRDA:62,3,3,0
BRDA:62,3,4,0
BRDA:62,4,0,0
BRDA:62,4,1,0
BRF:13
BRH:0
end_of_record
TN:
SF:/Users/maxwellsimmer/Sites/local.ccc/bber/b-ber-creator/src/bber-output/publish.jsx
FNF:0
FNH:0
LF:0
LH:0
BRF:0
BRH:0
end_of_record
TN:
SF:/Users/maxwellsimmer/Sites/local.ccc/bber/b-ber-creator/src/bber-output/render.jsx
FN:58,_callee3$
FN:60,(anonymous_3)
FN:60,_callee2
FN:60,_callee2$
FN:61,(anonymous_6)
FN:61,_callee
FN:61,_callee$
FN:64,(anonymous_9)
FN:66,(anonymous_10)
FN:21,initialize
FN:29,write
FN:30,(anonymous_17)
FN:36,layout
FN:50,(anonymous_19)
FN:55,parse
FNF:15
FNH:0
FNDA:0,_callee3$
FNDA:0,(anonymous_3)
FNDA:0,_callee2
FNDA:0,_callee2$
FNDA:0,(anonymous_6)
FNDA:0,_callee
FNDA:0,_callee$
FNDA:0,(anonymous_9)
FNDA:0,(anonymous_10)
FNDA:0,initialize
FNDA:0,write
FNDA:0,(anonymous_17)
FNDA:0,layout
FNDA:0,(anonymous_19)
FNDA:0,parse
DA:8,1
DA:9,1
DA:10,1
DA:11,1
DA:12,1
DA:13,1
DA:14,1
DA:16,1
DA:17,1
DA:18,1
DA:19,1
DA:21,1
DA:22,0
DA:23,0
DA:24,0
DA:25,0
DA:29,1
DA:31,0
DA:32,0
DA:36,1
DA:37,0
DA:38,0
DA:39,0
DA:45,0
DA:46,0
DA:47,0
DA:50,0
DA:55,1
DA:58,0
DA:60,0
DA:61,0
DA:62,0
DA:63,0
DA:65,0
DA:66,0
DA:67,0
DA:68,0
LF:37
LH:15
BRDA:58,0,0,0
BRDA:58,0,1,0
BRDA:58,0,2,0
BRDA:58,0,3,0
BRDA:60,1,0,0
BRDA:60,1,1,0
BRDA:60,1,2,0
BRDA:61,2,0,0
BRDA:61,2,1,0
BRDA:61,2,2,0
BRDA:62,3,0,0
BRDA:62,3,1,0
BRDA:65,4,0,0
BRDA:65,4,1,0
BRDA:67,5,0,0
BRDA:67,5,1,0
BRDA:31,6,0,0
BRDA:31,6,1,0
BRDA:32,7,0,0
BRDA:32,7,1,0
BRDA:46,8,0,0
BRDA:46,8,1,0
BRF:22
BRH:0
end_of_record
TN:
SF:/Users/maxwellsimmer/Sites/local.ccc/bber/b-ber-creator/src/bber-output/site.jsx
FN:28,_callee$
FN:30,(anonymous_3)
FN:33,(anonymous_4)
FN:34,(anonymous_5)
FN:13,initialize
FN:17,download
FN:18,(anonymous_10)
FN:20,(anonymous_11)
FN:22,(anonymous_12)
FN:23,(anonymous_13)
FN:24,(anonymous_14)
FNF:11
FNH:0
FNDA:0,_callee$
FNDA:0,(anonymous_3)
FNDA:0,(anonymous_4)
FNDA:0,(anonymous_5)
FNDA:0,initialize
FNDA:0,download
FNDA:0,(anonymous_10)
FNDA:0,(anonymous_11)
FNDA:0,(anonymous_12)
FNDA:0,(anonymous_13)
FNDA:0,(anonymous_14)
DA:2,1
DA:3,1
DA:4,1
DA:5,1
DA:7,1
DA:8,1
DA:10,1
DA:12,1
DA:13,1
DA:14,0
DA:17,1
DA:19,0
DA:20,0
DA:21,0
DA:22,0
DA:23,0
DA:24,0
DA:28,0
DA:31,0
DA:32,0
DA:33,0
DA:34,0
LF:22
LH:10
BRDA:28,0,0,0
BRDA:28,0,1,0
BRDA:28,0,2,0
BRDA:28,0,3,0
BRDA:31,1,0,0
BRDA:31,1,1,0
BRDA:21,2,0,0
BRDA:21,2,1,0
BRF:8
BRH:0
end_of_record
TN:
SF:/Users/maxwellsimmer/Sites/local.ccc/bber/b-ber-creator/src/bber-output/xml.jsx
FN:24,readSpine
FN:25,(anonymous_2)
FN:27,(anonymous_3)
FN:29,(anonymous_4)
FN:32,(anonymous_5)
FN:43,parseHTML
FN:44,(anonymous_7)
FN:46,(anonymous_8)
FN:55,(anonymous_9)
FN:63,writeXML
FN:64,(anonymous_11)
FN:66,(anonymous_12)
FN:76,xml
FN:77,(anonymous_14)
FN:79,(anonymous_15)
FN:80,(anonymous_16)
FN:81,(anonymous_17)
FNF:17
FNH:0
FNDA:0,readSpine
FNDA:0,(anonymous_2)
FNDA:0,(anonymous_3)
FNDA:0,(anonymous_4)
FNDA:0,(anonymous_5)
FNDA:0,parseHTML
FNDA:0,(anonymous_7)
FNDA:0,(anonymous_8)
FNDA:0,(anonymous_9)
FNDA:0,writeXML
FNDA:0,(anonymous_11)
FNDA:0,(anonymous_12)
FNDA:0,xml
FNDA:0,(anonymous_14)
FNDA:0,(anonymous_15)
FNDA:0,(anonymous_16)
FNDA:0,(anonymous_17)
DA:7,1
DA:8,1
DA:9,1
DA:10,1
DA:11,1
DA:12,1
DA:14,1
DA:18,1
DA:24,1
DA:26,0
DA:27,0
DA:28,0
DA:29,0
DA:30,0
DA:31,0
DA:32,0
DA:33,0
DA:43,1
DA:45,0
DA:46,0
DA:47,0
DA:48,0
DA:49,0
DA:51,0
DA:53,0
DA:55,0
DA:63,1
DA:65,0
DA:66,0
DA:67,0
DA:68,0
DA:76,1
DA:77,0
DA:79,0
DA:80,0
DA:81,0
LF:36
LH:12
BRDA:28,0,0,0
BRDA:28,0,1,0
BRDA:30,1,0,0
BRDA:30,1,1,0
BRDA:67,2,0,0
BRDA:67,2,1,0
BRF:6
BRH:0
end_of_record
TN:
SF:/Users/maxwellsimmer/Sites/local.ccc/bber/b-ber-creator/src/bber-output/mobi/index.jsx
FN:11,options
FN:17,mobi
FN:18,(anonymous_3)
FN:18,_callee
FN:18,_callee$
FN:20,(anonymous_6)
FNF:6
FNH:0
FNDA:0,options
FNDA:0,mobi
FNDA:0,(anonymous_3)
FNDA:0,_callee
FNDA:0,_callee$
FNDA:0,(anonymous_6)
DA:6,1
DA:7,1
DA:8,1
DA:9,1
DA:11,1
DA:17,1
DA:18,0
DA:20,0
LF:8
LH:6
BRDA:18,0,0,0
BRDA:18,0,1,0
BRDA:18,0,2,0
BRDA:18,0,3,0
BRF:4
BRH:0
end_of_record
TN:
SF:/Users/maxwellsimmer/Sites/local.ccc/bber/b-ber-creator/src/bber-output/opf/helpers.jsx
FN:10,pathInfoFromFile
FN:17,pathInfoFromFiles
FN:18,(anonymous_3)
FN:20,flattenYamlEntries
FN:22,(anonymous_5)
FN:33,removeNestedArrayItem
FN:35,(anonymous_7)
FN:36,(anonymous_8)
FN:45,createPagesMetaYaml
FN:48,(anonymous_10)
FN:49,(anonymous_11)
FN:52,buildNavigationObjects
FN:53,(anonymous_13)
FN:79,nestedLinearContent
FNF:14
FNH:8
FNDA:34,pathInfoFromFile
FNDA:6,pathInfoFromFiles
FNDA:34,(anonymous_3)
FNDA:5,flattenYamlEntries
FNDA:13,(anonymous_5)
FNDA:0,removeNestedArrayItem
FNDA:0,(anonymous_7)
FNDA:0,(anonymous_8)
FNDA:0,createPagesMetaYaml
FNDA:0,(anonymous_10)
FNDA:0,(anonymous_11)
FNDA:6,buildNavigationObjects
FNDA:18,(anonymous_13)
FNDA:6,nestedLinearContent
DA:2,1
DA:3,1
DA:4,1
DA:5,1
DA:6,1
DA:8,1
DA:10,34
DA:17,6
DA:18,34
DA:20,5
DA:21,5
DA:22,5
DA:23,13
DA:24,2
DA:26,11
DA:30,5
DA:33,1
DA:34,0
DA:35,0
DA:36,0
DA:37,0
DA:38,0
DA:42,0
DA:45,1
DA:48,0
DA:49,0
DA:52,6
DA:53,6
DA:54,18
DA:55,0
DA:56,0
DA:60,18
DA:61,18
DA:62,18
DA:63,18
DA:76,6
DA:79,1
DA:80,6
DA:81,6
DA:82,6
DA:83,6
LF:41
LH:31
BRDA:20,0,0,2
BRDA:20,0,1,3
BRDA:20,1,0,5
BRDA:20,1,1,2
BRDA:21,2,0,5
BRDA:21,2,1,0
BRDA:23,3,0,2
BRDA:23,3,1,11
BRDA:34,4,0,0
BRDA:34,4,1,0
BRDA:37,5,0,0
BRDA:37,5,1,0
BRDA:45,6,0,0
BRDA:45,6,1,0
BRDA:45,7,0,0
BRDA:45,7,1,0
BRDA:49,8,0,0
BRDA:49,8,1,0
BRDA:52,9,0,0
BRDA:52,9,1,6
BRDA:52,10,0,6
BRDA:52,10,1,0
BRDA:54,11,0,0
BRDA:54,11,1,18
BRDA:54,12,0,18
BRDA:54,12,1,0
BRDA:62,13,0,0
BRDA:62,13,1,18
BRDA:62,14,0,18
BRDA:62,14,1,18
BRDA:69,15,0,0
BRDA:69,15,1,18
BRDA:69,16,0,0
BRDA:69,16,1,0
BRDA:70,17,0,0
BRDA:70,17,1,18
BRDA:70,18,0,0
BRDA:70,18,1,0
BRDA:71,19,0,0
BRDA:71,19,1,18
BRDA:71,20,0,0
BRDA:71,20,1,0
BRF:42
BRH:17
end_of_record
TN:
SF:/Users/maxwellsimmer/Sites/local.ccc/bber/b-ber-creator/src/bber-output/opf/index.jsx
FN:28,Opf
FN:75,(anonymous_5)
FN:83,(anonymous_6)
FN:84,(anonymous_7)
FN:85,(anonymous_8)
FN:41,(anonymous_10)
FN:61,(anonymous_12)
FN:63,(anonymous_13)
FNF:8
FNH:7
FNDA:5,Opf
FNDA:3,(anonymous_5)
FNDA:3,(anonymous_6)
FNDA:3,(anonymous_7)
FNDA:0,(anonymous_8)
FNDA:3,(anonymous_10)
FNDA:3,(anonymous_12)
FNDA:3,(anonymous_13)
DA:10,1
DA:11,1
DA:12,1
DA:13,1
DA:14,1
DA:15,1
DA:16,1
DA:17,1
DA:18,1
DA:25,3
DA:28,5
DA:29,5
DA:30,5
DA:40,9
DA:41,6
DA:42,6
DA:43,3
DA:44,3
DA:51,3
DA:60,3
DA:61,3
DA:62,3
DA:63,3
DA:64,3
DA:65,3
DA:74,3
DA:75,3
DA:76,3
DA:77,3
DA:79,3
DA:83,3
DA:84,3
DA:85,0
LF:33
LH:32
BRDA:64,0,0,0
BRDA:64,0,1,3
BRF:2
BRH:1
end_of_record
TN:
SF:/Users/maxwellsimmer/Sites/local.ccc/bber/b-ber-creator/src/bber-output/opf/manifest-metadata.jsx
FN:38,ManifestAndMetadata
FN:48,(anonymous_8)
FN:49,(anonymous_9)
FN:61,(anonymous_11)
FN:62,(anonymous_12)
FN:65,(anonymous_13)
FN:78,(anonymous_15)
FN:81,(anonymous_16)
FN:91,(anonymous_17)
FN:126,(anonymous_19)
FN:131,(anonymous_20)
FN:134,(anonymous_21)
FN:138,(anonymous_22)
FN:141,(anonymous_23)
FN:104,(anonymous_25)
FNF:15
FNH:14
FNDA:3,ManifestAndMetadata
FNDA:3,(anonymous_8)
FNDA:3,(anonymous_9)
FNDA:3,(anonymous_11)
FNDA:3,(anonymous_12)
FNDA:17,(anonymous_13)
FNDA:3,(anonymous_15)
FNDA:3,(anonymous_16)
FNDA:17,(anonymous_17)
FNDA:3,(anonymous_19)
FNDA:3,(anonymous_20)
FNDA:3,(anonymous_21)
FNDA:3,(anonymous_22)
FNDA:0,(anonymous_23)
FNDA:3,(anonymous_25)
DA:9,1
DA:10,1
DA:11,1
DA:12,1
DA:13,1
DA:14,1
DA:15,1
DA:16,1
DA:17,1
DA:25,3
DA:28,6
DA:31,0
DA:38,3
DA:39,3
DA:40,3
DA:47,3
DA:48,3
DA:50,3
DA:51,3
DA:60,3
DA:61,3
DA:63,3
DA:65,17
DA:66,3
DA:67,3
DA:77,3
DA:78,3
DA:80,3
DA:81,3
DA:84,3
DA:91,3
DA:92,17
DA:93,17
DA:104,3
DA:105,3
DA:111,3
DA:117,3
DA:125,3
DA:126,3
DA:131,3
DA:134,3
DA:138,3
DA:141,0
LF:43
LH:41
BRDA:63,0,0,0
BRDA:63,0,1,3
BRDA:93,1,0,3
BRDA:93,1,1,14
BRF:4
BRH:3
end_of_record
TN:
SF:/Users/maxwellsimmer/Sites/local.ccc/bber/b-ber-creator/src/bber-output/opf/navigation.jsx
FN:54,Navigation
FN:66,(anonymous_7)
FN:67,(anonymous_8)
FN:69,(anonymous_9)
FN:72,(anonymous_10)
FN:99,(anonymous_12)
FN:100,(anonymous_13)
FN:105,(anonymous_14)
FN:107,(anonymous_15)
FN:116,(anonymous_17)
FN:121,(anonymous_19)
FN:128,(anonymous_20)
FN:155,(anonymous_22)
FN:172,(anonymous_23)
FN:177,(anonymous_24)
FN:191,(anonymous_25)
FN:205,(anonymous_26)
FN:223,(anonymous_28)
FN:226,(anonymous_29)
FN:234,(anonymous_31)
FN:255,(anonymous_33)
FN:276,(anonymous_35)
FN:294,(anonymous_37)
FN:320,(anonymous_39)
FN:321,(anonymous_40)
FN:327,(anonymous_42)
FN:331,(anonymous_43)
FN:339,(anonymous_45)
FN:343,(anonymous_46)
FN:351,(anonymous_48)
FN:375,(anonymous_50)
FN:377,(anonymous_51)
FN:381,(anonymous_52)
FN:382,(anonymous_53)
FN:383,(anonymous_54)
FN:389,(anonymous_55)
FN:398,(anonymous_56)
FN:400,(anonymous_57)
FNF:38
FNH:35
FNDA:3,Navigation
FNDA:3,(anonymous_7)
FNDA:6,(anonymous_8)
FNDA:6,(anonymous_9)
FNDA:6,(anonymous_10)
FNDA:3,(anonymous_12)
FNDA:3,(anonymous_13)
FNDA:17,(anonymous_14)
FNDA:12,(anonymous_15)
FNDA:1,(anonymous_17)
FNDA:3,(anonymous_19)
FNDA:11,(anonymous_20)
FNDA:3,(anonymous_22)
FNDA:0,(anonymous_23)
FNDA:0,(anonymous_24)
FNDA:1,(anonymous_25)
FNDA:3,(anonymous_26)
FNDA:3,(anonymous_28)
FNDA:3,(anonymous_29)
FNDA:3,(anonymous_31)
FNDA:3,(anonymous_33)
FNDA:3,(anonymous_35)
FNDA:3,(anonymous_37)
FNDA:30,(anonymous_39)
FNDA:30,(anonymous_40)
FNDA:3,(anonymous_42)
FNDA:3,(anonymous_43)
FNDA:3,(anonymous_45)
FNDA:3,(anonymous_46)
FNDA:3,(anonymous_48)
FNDA:3,(anonymous_50)
FNDA:3,(anonymous_51)
FNDA:3,(anonymous_52)
FNDA:3,(anonymous_53)
FNDA:3,(anonymous_54)
FNDA:3,(anonymous_55)
FNDA:3,(anonymous_56)
FNDA:0,(anonymous_57)
DA:11,1
DA:12,1
DA:13,1
DA:14,1
DA:15,1
DA:16,1
DA:17,1
DA:20,1
DA:21,1
DA:22,1
DA:25,1
DA:26,1
DA:27,1
DA:30,1
DA:38,6
DA:42,30
DA:46,8
DA:54,3
DA:55,3
DA:65,3
DA:66,3
DA:67,6
DA:70,6
DA:71,6
DA:73,6
DA:74,6
DA:98,3
DA:99,3
DA:101,3
DA:103,3
DA:105,17
DA:107,12
DA:108,3
DA:114,1
DA:115,1
DA:116,1
DA:117,1
DA:120,3
DA:121,3
DA:122,3
DA:123,3
DA:124,3
DA:125,3
DA:126,3
DA:127,3
DA:128,11
DA:133,3
DA:136,0
DA:137,0
DA:139,3
DA:152,12
DA:155,3
DA:156,6
DA:157,3
DA:158,6
DA:159,3
DA:160,3
DA:163,3
DA:164,3
DA:166,3
DA:169,1
DA:171,0
DA:172,0
DA:173,0
DA:177,0
DA:178,0
DA:180,0
DA:181,0
DA:185,1
DA:190,1
DA:191,1
DA:192,1
DA:195,1
DA:203,3
DA:204,3
DA:205,3
DA:206,3
DA:207,3
DA:208,3
DA:212,3
DA:222,6
DA:223,3
DA:224,3
DA:225,3
DA:226,3
DA:227,3
DA:228,3
DA:233,6
DA:234,3
DA:237,3
DA:238,3
DA:239,3
DA:240,3
DA:242,3
DA:250,3
DA:254,6
DA:255,3
DA:258,3
DA:259,3
DA:260,3
DA:261,3
DA:263,3
DA:271,3
DA:275,6
DA:276,3
DA:277,3
DA:279,3
DA:281,3
DA:289,3
DA:293,6
DA:294,3
DA:295,3
DA:298,3
DA:300,3
DA:308,3
DA:320,30
DA:321,30
DA:322,9
DA:323,9
DA:326,3
DA:327,3
DA:328,3
DA:329,3
DA:330,3
DA:331,3
DA:332,3
DA:333,3
DA:338,3
DA:339,3
DA:340,3
DA:341,3
DA:342,3
DA:343,3
DA:344,3
DA:345,3
DA:350,3
DA:351,3
DA:352,3
DA:353,3
DA:374,3
DA:375,3
DA:377,3
DA:381,3
DA:382,3
DA:383,3
DA:389,3
DA:398,3
DA:400,0
LF:148
LH:138
BRDA:70,0,0,0
BRDA:70,0,1,6
BRDA:73,1,0,0
BRDA:73,1,1,6
BRDA:74,2,0,3
BRDA:74,2,1,3
BRDA:101,3,0,0
BRDA:101,3,1,3
BRDA:115,4,0,1
BRDA:115,4,1,0
BRDA:125,5,0,3
BRDA:125,5,1,0
BRDA:166,6,0,1
BRDA:166,6,1,2
BRDA:166,7,0,3
BRDA:166,7,1,3
BRDA:169,8,0,0
BRDA:169,8,1,1
BRDA:181,9,0,0
BRDA:181,9,1,0
BRDA:185,10,0,1
BRDA:185,10,1,0
BRDA:204,11,0,3
BRDA:204,11,1,0
BRDA:208,12,0,2
BRDA:208,12,1,1
BRDA:227,13,0,0
BRDA:227,13,1,3
BRDA:332,14,0,0
BRDA:332,14,1,3
BRDA:344,15,0,0
BRDA:344,15,1,3
BRF:32
BRH:19
end_of_record
TN:
SF:/Users/maxwellsimmer/Sites/local.ccc/bber/b-ber-creator/src/bber-output/pdf/index.jsx
FN:15,initialize
FN:46,parseHTML
FN:47,(anonymous_3)
FN:49,(anonymous_4)
FN:60,(anonymous_5)
FN:61,(anonymous_6)
FN:72,print
FN:73,(anonymous_8)
FN:77,(anonymous_9)
FN:84,pdf
FN:85,(anonymous_11)
FN:85,_callee
FN:85,_callee$
FN:92,(anonymous_14)
FN:93,(anonymous_15)
FNF:15
FNH:0
FNDA:0,initialize
FNDA:0,parseHTML
FNDA:0,(anonymous_3)
FNDA:0,(anonymous_4)
FNDA:0,(anonymous_5)
FNDA:0,(anonymous_6)
FNDA:0,print
FNDA:0,(anonymous_8)
FNDA:0,(anonymous_9)
FNDA:0,pdf
FNDA:0,(anonymous_11)
FNDA:0,_callee
FNDA:0,_callee$
FNDA:0,(anonymous_14)
FNDA:0,(anonymous_15)
DA:6,1
DA:7,1
DA:8,1
DA:9,1
DA:10,1
DA:11,1
DA:12,1
DA:14,1
DA:15,1
DA:16,0
DA:17,0
DA:18,0
DA:19,0
DA:20,0
DA:46,1
DA:48,0
DA:49,0
DA:50,0
DA:51,0
DA:52,0
DA:54,0
DA:56,0
DA:59,0
DA:60,0
DA:61,0
DA:72,1
DA:74,0
DA:75,0
DA:78,0
DA:79,0
DA:84,1
DA:85,0
DA:87,0
DA:89,0
DA:92,0
DA:93,0
LF:36
LH:12
BRDA:78,0,0,0
BRDA:78,0,1,0
BRDA:85,1,0,0
BRDA:85,1,1,0
BRDA:85,1,2,0
BRDA:85,1,3,0
BRF:6
BRH:0
end_of_record
TN:
SF:/Users/maxwellsimmer/Sites/local.ccc/bber/b-ber-creator/src/bber-output/sample/index.jsx
FN:6,sample
FN:6,(anonymous_2)
FNF:2
FNH:0
FNDA:0,sample
FNDA:0,(anonymous_2)
DA:6,1
LF:1
LH:1
BRF:0
BRH:0
end_of_record
TN:
SF:/Users/maxwellsimmer/Sites/local.ccc/bber/b-ber-creator/src/bber-output/web/index.jsx
FN:2,web
FN:2,(anonymous_2)
FNF:2
FNH:0
FNDA:0,web
FNDA:0,(anonymous_2)
DA:2,1
LF:1
LH:1
BRF:0
BRH:0
end_of_record
TN:
SF:/Users/maxwellsimmer/Sites/local.ccc/bber/b-ber-creator/src/bber-plugins/editor/index.jsx
FNF:0
FNH:0
LF:0
LH:0
BRF:0
BRH:0
end_of_record
TN:
SF:/Users/maxwellsimmer/Sites/local.ccc/bber/b-ber-creator/src/bber-plugins/log/index.jsx
FNF:0
FNH:0
DA:2,1
DA:3,1
DA:4,1
DA:6,1
DA:9,1
LF:5
LH:5
BRF:0
BRH:0
end_of_record
TN:
SF:/Users/maxwellsimmer/Sites/local.ccc/bber/b-ber-creator/src/bber-plugins/md/index.jsx
FN:31,MarkIt
FN:97,(anonymous_3)
FN:110,(anonymous_5)
FN:149,(anonymous_9)
FNF:4
FNH:2
FNDA:10,MarkIt
FNDA:1,(anonymous_3)
FNDA:0,(anonymous_5)
FNDA:0,(anonymous_9)
DA:9,1
DA:10,1
DA:11,1
DA:12,1
DA:13,1
DA:14,1
DA:15,1
DA:16,1
DA:17,1
DA:18,1
DA:19,1
DA:20,1
DA:31,20
DA:32,10
DA:41,10
DA:54,10
DA:62,10
DA:64,10
DA:98,1
DA:99,1
DA:109,3
DA:110,3
DA:111,0
DA:113,3
DA:123,6
DA:124,6
DA:134,1
DA:149,0
DA:150,0
DA:160,3
DA:161,3
DA:162,3
DA:168,1
LF:33
LH:30
BRDA:168,0,0,1
BRDA:168,0,1,0
BRF:2
BRH:1
end_of_record
TN:
SF:/Users/maxwellsimmer/Sites/local.ccc/bber/b-ber-creator/src/bber-plugins/md/directives/dialogue.jsx
FN:28,renderer
FN:35,validate
FN:28,render
FNF:3
FNH:1
FNDA:10,renderer
FNDA:0,validate
FNDA:0,render
DA:19,1
DA:20,1
DA:22,1
DA:23,1
DA:28,10
DA:35,0
DA:37,0
DA:38,0
DA:39,0
DA:40,0
DA:41,0
DA:42,0
DA:44,0
LF:13
LH:5
BRDA:39,0,0,0
BRDA:39,0,1,0
BRDA:40,1,0,0
BRDA:40,1,1,0
BRDA:41,2,0,0
BRDA:41,2,1,0
BRF:6
BRH:0
end_of_record
TN:
SF:/Users/maxwellsimmer/Sites/local.ccc/bber/b-ber-creator/src/bber-plugins/md/directives/epigraph.jsx
FN:23,renderer
FN:23,validate
FN:23,render
FN:42,(anonymous_4)
FN:43,(anonymous_5)
FN:47,(anonymous_6)
FNF:6
FNH:3
FNDA:11,renderer
FNDA:1,validate
FNDA:1,render
FNDA:0,(anonymous_4)
FNDA:0,(anonymous_5)
FNDA:0,(anonymous_6)
DA:14,1
DA:15,1
DA:17,1
DA:18,1
DA:23,11
DA:27,1
DA:30,1
DA:31,1
DA:32,1
DA:34,1
DA:35,1
DA:36,1
DA:38,1
DA:39,0
DA:40,0
DA:41,1
DA:42,0
DA:43,0
DA:44,0
DA:47,0
DA:57,1
DA:71,1
LF:22
LH:16
BRDA:34,0,0,1
BRDA:34,0,1,0
BRDA:38,1,0,0
BRDA:38,1,1,1
BRDA:38,2,0,1
BRDA:38,2,1,0
BRDA:41,3,0,0
BRDA:41,3,1,1
BRDA:41,4,0,1
BRDA:41,4,1,0
BRDA:50,5,0,0
BRDA:50,5,1,0
BRDA:63,6,0,0
BRDA:63,6,1,1
BRF:14
BRH:6
end_of_record
TN:
SF:/Users/maxwellsimmer/Sites/local.ccc/bber/b-ber-creator/src/bber-plugins/md/directives/exit.jsx
FN:15,renderer
FN:15,validate
FN:15,render
FNF:3
FNH:3
FNDA:11,renderer
FNDA:1,validate
FNDA:1,render
DA:10,1
DA:15,11
DA:18,1
DA:19,1
LF:4
LH:4
BRF:0
BRH:0
end_of_record
TN:
SF:/Users/maxwellsimmer/Sites/local.ccc/bber/b-ber-creator/src/bber-plugins/md/directives/images.jsx
FN:25,renderer
FN:25,validate
FN:25,render
FNF:3
FNH:3
FNDA:11,renderer
FNDA:1,validate
FNDA:1,render
DA:10,1
DA:11,1
DA:12,1
DA:13,1
DA:14,1
DA:15,1
DA:17,1
DA:18,1
DA:20,1
DA:25,11
DA:29,1
DA:32,1
DA:34,1
DA:35,1
DA:36,1
DA:37,1
DA:38,1
DA:40,1
DA:41,1
DA:42,1
DA:43,1
DA:45,1
DA:46,1
DA:47,0
DA:48,0
DA:51,0
DA:52,0
DA:53,0
DA:62,1
DA:63,1
DA:66,0
LF:31
LH:25
BRDA:37,0,0,1
BRDA:37,0,1,0
BRDA:42,1,0,0
BRDA:42,1,1,1
BRDA:46,2,0,0
BRDA:46,2,1,0
BRDA:51,3,0,0
BRDA:51,3,1,0
BRF:8
BRH:2
end_of_record
TN:
SF:/Users/maxwellsimmer/Sites/local.ccc/bber/b-ber-creator/src/bber-plugins/md/directives/logo.jsx
FN:15,renderer
FN:15,render
FNF:2
FNH:1
FNDA:10,renderer
FNDA:0,render
DA:10,1
DA:15,10
DA:19,0
LF:3
LH:2
BRF:0
BRH:0
end_of_record
TN:
SF:/Users/maxwellsimmer/Sites/local.ccc/bber/b-ber-creator/src/bber-plugins/md/directives/pull-quote.jsx
FN:28,renderer
FN:28,validate
FN:28,render
FNF:3
FNH:1
FNDA:10,renderer
FNDA:0,validate
FNDA:0,render
DA:19,1
DA:20,1
DA:22,1
DA:23,1
DA:28,10
DA:34,0
DA:37,0
DA:38,0
DA:39,0
DA:41,0
DA:42,0
DA:43,0
DA:44,0
DA:45,0
DA:47,0
DA:49,0
DA:51,0
DA:52,0
DA:54,0
LF:19
LH:5
BRDA:41,0,0,0
BRDA:41,0,1,0
BRDA:42,1,0,0
BRDA:42,1,1,0
BRDA:47,2,0,0
BRDA:47,2,1,0
BRDA:47,3,0,0
BRDA:47,3,1,0
BRDA:51,4,0,0
BRDA:51,4,1,0
BRF:10
BRH:0
end_of_record
TN:
SF:/Users/maxwellsimmer/Sites/local.ccc/bber/b-ber-creator/src/bber-plugins/md/directives/section.jsx
FN:21,renderer
FN:21,validate
FN:21,render
FN:51,(anonymous_4)
FNF:4
FNH:1
FNDA:10,renderer
FNDA:0,validate
FNDA:0,render
FNDA:0,(anonymous_4)
DA:13,1
DA:14,1
DA:16,1
DA:21,10
DA:27,0
DA:30,0
DA:31,0
DA:32,0
DA:34,0
DA:35,0
DA:37,0
DA:38,0
DA:39,0
DA:40,0
DA:43,0
DA:44,0
DA:46,0
DA:48,0
DA:49,0
DA:51,0
DA:56,0
DA:64,0
LF:22
LH:4
BRDA:34,0,0,0
BRDA:34,0,1,0
BRDA:35,1,0,0
BRDA:35,1,1,0
BRDA:37,2,0,0
BRDA:37,2,1,0
BRDA:43,3,0,0
BRDA:43,3,1,0
BRDA:43,4,0,0
BRDA:43,4,1,0
BRDA:44,5,0,0
BRDA:44,5,1,0
BRDA:44,6,0,0
BRDA:44,6,1,0
BRDA:48,7,0,0
BRDA:48,7,1,0
BRF:16
BRH:0
end_of_record
TN:
SF:/Users/maxwellsimmer/Sites/local.ccc/bber/b-ber-creator/src/bber-plugins/md/plugins/dialogue.jsx
FN:4,container_plugin
FN:16,validateDefault
FN:19,renderDefault
FN:23,validateInline
FN:24,(anonymous_4)
FN:27,markerTokenToString
FN:30,stripMarker
FN:33,getInlineDelimitersFromParams
FN:35,(anonymous_8)
FN:38,container
FNF:10
FNH:2
FNDA:10,container_plugin
FNDA:0,validateDefault
FNDA:0,renderDefault
FNDA:0,validateInline
FNDA:0,(anonymous_4)
FNDA:0,markerTokenToString
FNDA:0,stripMarker
FNDA:0,getInlineDelimitersFromParams
FNDA:0,(anonymous_8)
FNDA:2,container
DA:4,10
DA:6,10
DA:7,10
DA:8,10
DA:9,10
DA:10,10
DA:11,10
DA:12,10
DA:13,10
DA:14,10
DA:16,10
DA:19,10
DA:23,10
DA:24,0
DA:27,10
DA:30,10
DA:33,10
DA:34,0
DA:35,0
DA:38,10
DA:39,2
DA:40,2
DA:41,2
DA:42,2
DA:43,2
DA:52,2
DA:53,2
DA:54,2
DA:59,2
DA:60,2
DA:63,0
DA:66,0
DA:67,0
DA:70,0
DA:73,0
DA:76,0
DA:77,0
DA:78,0
DA:82,0
DA:85,0
DA:86,0
DA:89,0
DA:91,0
DA:95,0
DA:96,0
DA:97,0
DA:100,0
DA:107,0
DA:110,0
DA:113,0
DA:116,0
DA:119,0
DA:126,0
DA:127,0
DA:128,0
DA:131,0
DA:133,0
DA:134,0
DA:135,0
DA:136,0
DA:137,0
DA:139,0
DA:141,0
DA:143,0
DA:144,0
DA:145,0
DA:147,0
DA:148,0
DA:149,0
DA:151,0
DA:154,10
DA:157,10
DA:158,10
LF:73
LH:30
BRDA:4,0,0,10
BRDA:4,0,1,0
BRDA:4,1,0,10
BRDA:4,1,1,10
BRDA:8,2,0,10
BRDA:8,2,1,0
BRDA:9,3,0,10
BRDA:9,3,1,0
BRDA:14,4,0,10
BRDA:14,4,1,0
BRDA:53,5,0,2
BRDA:53,5,1,0
BRDA:60,6,0,2
BRDA:60,6,1,0
BRDA:70,7,0,0
BRDA:70,7,1,0
BRDA:73,8,0,0
BRDA:73,8,1,0
BRDA:82,9,0,0
BRDA:82,9,1,0
BRDA:89,10,0,0
BRDA:89,10,1,0
BRDA:91,11,0,0
BRDA:91,11,1,0
BRDA:97,12,0,0
BRDA:97,12,1,0
BRDA:107,13,0,0
BRDA:107,13,1,0
BRDA:110,14,0,0
BRDA:110,14,1,0
BRDA:113,15,0,0
BRDA:113,15,1,0
BRDA:149,16,0,0
BRDA:149,16,1,0
BRF:34
BRH:8
end_of_record
TN:
SF:/Users/maxwellsimmer/Sites/local.ccc/bber/b-ber-creator/src/bber-plugins/md/plugins/footnote.jsx
FN:5,(anonymous_1)
FN:5,(anonymous_2)
FN:5,e
FN:5,s
FN:5,(anonymous_5)
FN:5,(anonymous_6)
FN:13,render_footnote_anchor_name
FN:24,render_footnote_caption
FN:34,render_footnote_ref
FN:46,render_footnote_block_open
FN:50,render_footnote_block_close
FN:54,render_footnote_open
FN:64,render_footnote_close
FN:68,render_footnote_anchor
FN:81,footnote_plugin
FN:97,footnote_def
FN:182,footnote_inline
FN:228,footnote_ref
FN:283,footnote_tail
FN:290,(anonymous_20)
FNF:20
FNH:8
FNDA:1,(anonymous_1)
FNDA:1,(anonymous_2)
FNDA:1,e
FNDA:2,s
FNDA:0,(anonymous_5)
FNDA:1,(anonymous_6)
FNDA:0,render_footnote_anchor_name
FNDA:0,render_footnote_caption
FNDA:0,render_footnote_ref
FNDA:0,render_footnote_block_open
FNDA:0,render_footnote_block_close
FNDA:0,render_footnote_open
FNDA:0,render_footnote_close
FNDA:0,render_footnote_anchor
FNDA:10,footnote_plugin
FNDA:2,footnote_def
FNDA:0,footnote_inline
FNDA:0,footnote_ref
FNDA:3,footnote_tail
FNDA:0,(anonymous_20)
DA:5,2
DA:14,0
DA:15,0
DA:17,0
DA:18,0
DA:21,0
DA:25,0
DA:27,0
DA:28,0
DA:31,0
DA:35,0
DA:36,0
DA:37,0
DA:39,0
DA:40,0
DA:43,0
DA:47,0
DA:51,0
DA:55,0
DA:57,0
DA:58,0
DA:61,0
DA:65,0
DA:69,0
DA:71,0
DA:72,0
DA:77,0
DA:81,1
DA:82,10
DA:83,10
DA:85,10
DA:86,10
DA:87,10
DA:88,10
DA:89,10
DA:90,10
DA:93,10
DA:94,10
DA:100,2
DA:101,2
DA:104,2
DA:106,2
DA:107,0
DA:109,0
DA:110,0
DA:111,0
DA:112,0
DA:116,0
DA:117,0
DA:118,0
DA:119,0
DA:121,0
DA:122,0
DA:123,0
DA:124,0
DA:126,0
DA:127,0
DA:128,0
DA:129,0
DA:131,0
DA:132,0
DA:133,0
DA:134,0
DA:136,0
DA:137,0
DA:139,0
DA:140,0
DA:142,0
DA:143,0
DA:144,0
DA:146,0
DA:149,0
DA:152,0
DA:155,0
DA:156,0
DA:158,0
DA:159,0
DA:160,0
DA:162,0
DA:163,0
DA:166,0
DA:168,0
DA:169,0
DA:170,0
DA:171,0
DA:172,0
DA:174,0
DA:175,0
DA:176,0
DA:178,0
DA:188,0
DA:189,0
DA:191,0
DA:192,0
DA:193,0
DA:195,0
DA:196,0
DA:199,0
DA:204,0
DA:205,0
DA:206,0
DA:207,0
DA:209,0
DA:216,0
DA:217,0
DA:219,0
DA:222,0
DA:223,0
DA:224,0
DA:234,0
DA:235,0
DA:238,0
DA:240,0
DA:241,0
DA:242,0
DA:244,0
DA:245,0
DA:246,0
DA:247,0
DA:248,0
DA:252,0
DA:253,0
DA:254,0
DA:256,0
DA:257,0
DA:259,0
DA:260,0
DA:262,0
DA:263,0
DA:264,0
DA:265,0
DA:267,0
DA:270,0
DA:271,0
DA:273,0
DA:274,0
DA:277,0
DA:278,0
DA:279,0
DA:285,3
DA:286,3
DA:288,3
DA:290,0
DA:291,0
DA:292,0
DA:293,0
DA:294,0
DA:295,0
DA:297,0
DA:298,0
DA:300,0
DA:301,0
DA:303,0
DA:304,0
DA:307,0
DA:308,0
DA:310,0
DA:311,0
DA:313,0
DA:314,0
DA:315,0
DA:316,0
DA:318,0
DA:319,0
DA:321,0
DA:322,0
DA:323,0
DA:325,0
DA:326,0
DA:327,0
DA:328,0
DA:330,0
DA:331,0
DA:332,0
DA:334,0
DA:335,0
DA:338,0
DA:339,0
DA:340,0
DA:342,0
DA:345,0
DA:346,0
DA:347,0
DA:348,0
DA:349,0
DA:352,0
DA:353,0
DA:356,0
DA:357,0
DA:360,0
DA:361,0
DA:364,10
DA:365,10
DA:366,10
DA:367,10
LF:195
LH:23
BRDA:5,0,0,1
BRDA:5,0,1,0
BRDA:5,1,0,1
BRDA:5,1,1,1
BRDA:5,2,0,0
BRDA:5,2,1,1
BRDA:5,3,0,0
BRDA:5,3,1,0
BRDA:5,4,0,0
BRDA:5,4,1,0
BRDA:5,5,0,0
BRDA:5,5,1,0
BRDA:5,6,0,0
BRDA:5,6,1,0
BRDA:5,7,0,0
BRDA:5,7,1,0
BRDA:5,8,0,1
BRDA:5,8,1,1
BRDA:5,9,0,0
BRDA:5,9,1,1
BRDA:5,10,0,0
BRDA:5,10,1,0
BRDA:5,11,0,0
BRDA:5,11,1,0
BRDA:5,12,0,0
BRDA:5,12,1,0
BRDA:5,13,0,0
BRDA:5,13,1,0
BRDA:5,14,0,0
BRDA:5,14,1,0
BRDA:5,15,0,1
BRDA:5,15,1,1
BRDA:17,16,0,0
BRDA:17,16,1,0
BRDA:27,17,0,0
BRDA:27,17,1,0
BRDA:39,18,0,0
BRDA:39,18,1,0
BRDA:57,19,0,0
BRDA:57,19,1,0
BRDA:71,20,0,0
BRDA:71,20,1,0
BRDA:104,21,0,0
BRDA:104,21,1,2
BRDA:106,22,0,2
BRDA:106,22,1,0
BRDA:107,23,0,0
BRDA:107,23,1,0
BRDA:110,24,0,0
BRDA:110,24,1,0
BRDA:111,25,0,0
BRDA:111,25,1,0
BRDA:116,26,0,0
BRDA:116,26,1,0
BRDA:117,27,0,0
BRDA:117,27,1,0
BRDA:117,28,0,0
BRDA:117,28,1,0
BRDA:118,29,0,0
BRDA:118,29,1,0
BRDA:121,30,0,0
BRDA:121,30,1,0
BRDA:122,31,0,0
BRDA:122,31,1,0
BRDA:142,32,0,0
BRDA:142,32,1,0
BRDA:143,33,0,0
BRDA:143,33,1,0
BRDA:162,34,0,0
BRDA:162,34,1,0
BRDA:191,35,0,0
BRDA:191,35,1,0
BRDA:192,36,0,0
BRDA:192,36,1,0
BRDA:193,37,0,0
BRDA:193,37,1,0
BRDA:199,38,0,0
BRDA:199,38,1,0
BRDA:204,39,0,0
BRDA:204,39,1,0
BRDA:205,40,0,0
BRDA:205,40,1,0
BRDA:206,41,0,0
BRDA:206,41,1,0
BRDA:238,42,0,0
BRDA:238,42,1,0
BRDA:240,43,0,0
BRDA:240,43,1,0
BRDA:240,44,0,0
BRDA:240,44,1,0
BRDA:241,45,0,0
BRDA:241,45,1,0
BRDA:242,46,0,0
BRDA:242,46,1,0
BRDA:245,47,0,0
BRDA:245,47,1,0
BRDA:246,48,0,0
BRDA:246,48,1,0
BRDA:247,49,0,0
BRDA:247,49,1,0
BRDA:252,50,0,0
BRDA:252,50,1,0
BRDA:253,51,0,0
BRDA:253,51,1,0
BRDA:257,52,0,0
BRDA:257,52,1,0
BRDA:259,53,0,0
BRDA:259,53,1,0
BRDA:260,54,0,0
BRDA:260,54,1,0
BRDA:262,55,0,0
BRDA:262,55,1,0
BRDA:288,56,0,3
BRDA:288,56,1,0
BRDA:291,57,0,0
BRDA:291,57,1,0
BRDA:297,58,0,0
BRDA:297,58,1,0
BRDA:303,59,0,0
BRDA:303,59,1,0
BRDA:307,60,0,0
BRDA:307,60,1,0
BRDA:318,61,0,0
BRDA:318,61,1,0
BRDA:334,62,0,0
BRDA:334,62,1,0
BRDA:339,63,0,0
BRDA:339,63,1,0
BRDA:345,64,0,0
BRDA:345,64,1,0
BRDA:352,65,0,0
BRDA:352,65,1,0
BRF:132
BRH:12
end_of_record
TN:
SF:/Users/maxwellsimmer/Sites/local.ccc/bber/b-ber-creator/src/bber-templates/index.jsx
FNF:0
FNH:0
DA:2,1
DA:3,1
DA:4,1
DA:6,1
DA:13,1
DA:14,1
DA:15,1
LF:7
LH:7
BRF:0
BRH:0
end_of_record
TN:
SF:/Users/maxwellsimmer/Sites/local.ccc/bber/b-ber-creator/src/bber-templates/figures/epub.jsx
FN:2,portrait
FN:2,landscape
FN:2,portraitLong
FN:2,square
FNF:4
FNH:0
FNDA:0,portrait
FNDA:0,landscape
FNDA:0,portraitLong
FNDA:0,square
DA:2,1
DA:4,0
DA:20,0
DA:36,0
DA:52,0
LF:5
LH:1
BRDA:12,0,0,0
BRDA:12,0,1,0
BRDA:28,1,0,0
BRDA:28,1,1,0
BRDA:44,2,0,0
BRDA:44,2,1,0
BRDA:60,3,0,0
BRDA:60,3,1,0
BRF:8
BRH:0
end_of_record
TN:
SF:/Users/maxwellsimmer/Sites/local.ccc/bber/b-ber-creator/src/bber-templates/figures/index.jsx
FN:9,figure
FNF:1
FNH:0
FNDA:0,figure
DA:2,1
DA:3,1
DA:5,1
DA:7,1
DA:9,1
DA:10,0
DA:11,0
DA:12,0
DA:13,0
LF:9
LH:5
BRDA:11,0,0,0
BRDA:11,0,1,0
BRDA:11,1,0,0
BRDA:11,1,1,0
BRF:4
BRH:0
end_of_record
TN:
SF:/Users/maxwellsimmer/Sites/local.ccc/bber/b-ber-creator/src/bber-templates/figures/mobi.jsx
FN:4,portrait
FN:4,landscape
FN:4,portraitLong
FN:4,square
FNF:4
FNH:0
FNDA:0,portrait
FNDA:0,landscape
FNDA:0,portraitLong
FNDA:0,square
DA:4,1
DA:6,0
DA:20,0
DA:34,0
DA:48,0
LF:5
LH:1
BRDA:13,0,0,0
BRDA:13,0,1,0
BRDA:27,1,0,0
BRDA:27,1,1,0
BRDA:41,2,0,0
BRDA:41,2,1,0
BRDA:55,3,0,0
BRDA:55,3,1,0
BRF:8
BRH:0
end_of_record
TN:
SF:/Users/maxwellsimmer/Sites/local.ccc/bber/b-ber-creator/src/bber-templates/toc-ncx/index.jsx
FN:6,ncxHead
FN:17,ncxTitle
FN:25,ncxAuthor
FN:46,navPoint
FN:48,render
FN:49,(anonymous_6)
FNF:6
FNH:6
FNDA:1,ncxHead
FNDA:1,ncxTitle
FNDA:1,ncxAuthor
FNDA:3,navPoint
FNDA:3,render
FNDA:9,(anonymous_6)
DA:2,1
DA:3,1
DA:4,1
DA:6,1
DA:7,1
DA:8,1
DA:9,1
DA:17,1
DA:18,1
DA:19,1
DA:20,1
DA:25,1
DA:26,1
DA:27,1
DA:28,1
DA:33,1
DA:46,1
DA:47,3
DA:49,3
DA:50,9
DA:51,9
DA:52,9
DA:61,3
LF:23
LH:23
BRDA:8,0,0,0
BRDA:8,0,1,1
BRDA:8,1,0,1
BRDA:8,1,1,0
BRDA:19,2,0,0
BRDA:19,2,1,1
BRDA:19,3,0,1
BRDA:19,3,1,0
BRDA:27,4,0,0
BRDA:27,4,1,1
BRDA:27,5,0,1
BRDA:27,5,1,0
BRDA:51,6,0,0
BRDA:51,6,1,9
BRDA:54,7,0,9
BRDA:54,7,1,9
BRDA:56,8,0,0
BRDA:56,8,1,9
BRDA:56,9,0,9
BRDA:56,9,1,6
BRDA:61,10,0,0
BRDA:61,10,1,3
BRF:22
BRH:13
end_of_record
TN:
SF:/Users/maxwellsimmer/Sites/local.ccc/bber/b-ber-creator/src/bber-templates/toc-xhtml/index.jsx
FN:25,tocItem
FN:26,render
FN:28,(anonymous_3)
FNF:3
FNH:3
FNDA:3,tocItem
FNDA:3,render
FNDA:9,(anonymous_3)
DA:2,1
DA:3,1
DA:5,1
DA:25,1
DA:27,3
DA:29,9
DA:30,9
DA:37,3
LF:8
LH:8
BRDA:29,0,0,0
BRDA:29,0,1,9
BRDA:31,1,0,9
BRDA:31,1,1,9
BRDA:32,2,0,0
BRDA:32,2,1,9
BRDA:32,3,0,9
BRDA:32,3,1,6
BRDA:37,4,0,0
BRDA:37,4,1,3
BRF:10
BRH:7
end_of_record
TN:
SF:/Users/maxwellsimmer/Sites/local.ccc/bber/b-ber-creator/src/bber-utils/index.jsx
FN:22,copy
FN:23,(anonymous_2)
FN:38,opsPath
FN:46,cjoin
FN:54,fileId
FN:62,guid
FN:64,(anonymous_7)
FN:79,rpad
FN:93,lpad
FN:105,hrtimeformat
FN:115,hashIt
FN:126,updateStore
FN:134,getImageOrientation
FN:152,getFrontmatter
FN:163,orderByFileName
FN:165,(anonymous_16)
FN:177,entries
FN:177,entries$
FN:191,getConfigValue
FN:192,(anonymous_20)
FN:199,getConfigObject
FN:200,(anonymous_22)
FN:211,src
FN:218,dist
FN:226,build
FN:235,env
FN:241,version
FN:244,theme
FN:253,metadata
FN:261,promiseAll
FN:262,(anonymous_31)
FNF:31
FNH:31
FNDA:1,copy
FNDA:1,(anonymous_2)
FNDA:35,opsPath
FNDA:4,cjoin
FNDA:18,fileId
FNDA:10,guid
FNDA:310,(anonymous_7)
FNDA:7,rpad
FNDA:1,lpad
FNDA:7,hrtimeformat
FNDA:2,hashIt
FNDA:3,updateStore
FNDA:4,getImageOrientation
FNDA:1,getFrontmatter
FNDA:3,orderByFileName
FNDA:1,(anonymous_16)
FNDA:1,entries
FNDA:1,entries$
FNDA:9,getConfigValue
FNDA:9,(anonymous_20)
FNDA:4,getConfigObject
FNDA:4,(anonymous_22)
FNDA:108,src
FNDA:59,dist
FNDA:9,build
FNDA:7,env
FNDA:1,version
FNDA:1,theme
FNDA:4,metadata
FNDA:10,promiseAll
FNDA:10,(anonymous_31)
DA:8,1
DA:9,1
DA:10,1
DA:11,1
DA:12,1
DA:14,1
DA:22,1
DA:24,1
DA:25,1
DA:26,1
DA:27,1
DA:28,1
DA:29,1
DA:38,35
DA:46,4
DA:54,18
DA:62,1
DA:63,10
DA:64,10
DA:65,310
DA:66,310
DA:67,310
DA:69,10
DA:79,1
DA:80,7
DA:81,7
DA:82,38
DA:83,7
DA:93,1
DA:94,1
DA:95,1
DA:96,2
DA:97,1
DA:105,1
DA:106,7
DA:107,7
DA:115,1
DA:116,2
DA:117,2
DA:118,2
DA:119,8
DA:120,8
DA:121,8
DA:123,2
DA:126,3
DA:134,1
DA:136,4
DA:137,4
DA:139,4
DA:140,4
DA:141,4
DA:142,4
DA:143,4
DA:152,1
DA:153,1
DA:154,1
DA:155,1
DA:163,1
DA:164,3
DA:165,1
DA:166,1
DA:167,1
DA:168,1
DA:177,11
DA:178,1
DA:191,9
DA:192,9
DA:199,4
DA:200,4
DA:211,108
DA:218,59
DA:226,1
DA:227,9
DA:228,9
DA:235,7
DA:241,1
DA:244,1
DA:245,1
DA:246,1
DA:253,4
DA:261,10
DA:262,10
LF:82
LH:82
BRDA:67,0,0,300
BRDA:67,0,1,10
BRDA:81,1,0,0
BRDA:81,1,1,7
BRDA:95,2,0,0
BRDA:95,2,1,1
BRDA:117,3,0,0
BRDA:117,3,1,2
BRDA:139,4,0,1
BRDA:139,4,1,3
BRDA:140,5,0,1
BRDA:140,5,1,3
BRDA:140,6,0,4
BRDA:140,6,1,3
BRDA:141,7,0,1
BRDA:141,7,1,3
BRDA:142,8,0,1
BRDA:142,8,1,3
BRDA:155,9,0,1
BRDA:155,9,1,0
BRDA:155,10,0,1
BRDA:155,10,1,1
BRDA:164,11,0,2
BRDA:164,11,1,1
BRDA:164,12,0,3
BRDA:164,12,1,1
BRDA:168,13,0,0
BRDA:168,13,1,1
BRDA:168,14,0,1
BRDA:168,14,1,0
BRDA:177,15,0,1
BRDA:177,15,1,1
BRDA:177,15,2,0
BRDA:177,15,3,0
BRDA:177,15,4,0
BRDA:177,15,5,0
BRDA:177,15,6,0
BRDA:177,15,7,0
BRDA:177,15,8,0
BRDA:177,15,9,0
BRDA:177,15,10,0
BRDA:177,16,0,0
BRDA:177,16,1,1
BRDA:227,17,0,0
BRDA:227,17,1,9
BRF:45
BRH:28
end_of_record
